{"C:\\Users\\mohan\\OneDrive\\Attachments\\Desktop\\claude\\carbon-footprint-platform\\src\\App.tsx": {"path":"C:\\Users\\mohan\\OneDrive\\Attachments\\Desktop\\claude\\carbon-footprint-platform\\src\\App.tsx","statementMap":{"0":{"start":{"line":24,"column":15},"end":{"line":24,"column":null}},"1":{"start":{"line":25,"column":17},"end":{"line":25,"column":null}},"2":{"start":{"line":26,"column":22},"end":{"line":26,"column":null}},"3":{"start":{"line":27,"column":22},"end":{"line":27,"column":null}},"4":{"start":{"line":28,"column":8},"end":{"line":28,"column":null}},"5":{"start":{"line":31,"column":2},"end":{"line":39,"column":null}},"6":{"start":{"line":32,"column":22},"end":{"line":32,"column":null}},"7":{"start":{"line":33,"column":4},"end":{"line":36,"column":null}},"8":{"start":{"line":34,"column":6},"end":{"line":34,"column":null}},"9":{"start":{"line":35,"column":6},"end":{"line":35,"column":null}},"10":{"start":{"line":38,"column":4},"end":{"line":38,"column":null}},"11":{"start":{"line":41,"column":2},"end":{"line":48,"column":null}},"12":{"start":{"line":42,"column":4},"end":{"line":46,"column":null}},"13":{"start":{"line":50,"column":2},"end":{"line":62,"column":null}},"14":{"start":{"line":51,"column":4},"end":{"line":60,"column":null}},"15":{"start":{"line":54,"column":40},"end":{"line":54,"column":63}},"16":{"start":{"line":58,"column":52},"end":{"line":58,"column":91}},"17":{"start":{"line":64,"column":2},"end":{"line":103,"column":null}},"18":{"start":{"line":90,"column":50},"end":{"line":90,"column":89}},"19":{"start":{"line":98,"column":12},"end":{"line":98,"column":null}},"20":{"start":{"line":99,"column":12},"end":{"line":99,"column":null}},"21":{"start":{"line":112,"column":2},"end":{"line":115,"column":null}}},"fnMap":{"0":{"name":"AppContent","decl":{"start":{"line":23,"column":9},"end":{"line":23,"column":22}},"loc":{"start":{"line":23,"column":22},"end":{"line":105,"column":null}},"line":23},"1":{"name":"(anonymous_1)","decl":{"start":{"line":31,"column":2},"end":{"line":31,"column":18}},"loc":{"start":{"line":31,"column":18},"end":{"line":39,"column":5}},"line":31},"2":{"name":"(anonymous_2)","decl":{"start":{"line":54,"column":22},"end":{"line":54,"column":40}},"loc":{"start":{"line":54,"column":40},"end":{"line":54,"column":63}},"line":54},"3":{"name":"(anonymous_3)","decl":{"start":{"line":58,"column":34},"end":{"line":58,"column":52}},"loc":{"start":{"line":58,"column":52},"end":{"line":58,"column":91}},"line":58},"4":{"name":"(anonymous_4)","decl":{"start":{"line":90,"column":32},"end":{"line":90,"column":50}},"loc":{"start":{"line":90,"column":50},"end":{"line":90,"column":89}},"line":90},"5":{"name":"(anonymous_5)","decl":{"start":{"line":97,"column":10},"end":{"line":97,"column":27}},"loc":{"start":{"line":97,"column":27},"end":{"line":100,"column":null}},"line":97},"6":{"name":"App","decl":{"start":{"line":111,"column":24},"end":{"line":111,"column":30}},"loc":{"start":{"line":111,"column":30},"end":{"line":117,"column":null}},"line":111}},"branchMap":{"0":{"loc":{"start":{"line":33,"column":4},"end":{"line":36,"column":null}},"type":"if","locations":[{"start":{"line":33,"column":4},"end":{"line":36,"column":null}},{"start":{},"end":{}}],"line":33},"1":{"loc":{"start":{"line":41,"column":2},"end":{"line":48,"column":null}},"type":"if","locations":[{"start":{"line":41,"column":2},"end":{"line":48,"column":null}},{"start":{},"end":{}}],"line":41},"2":{"loc":{"start":{"line":50,"column":2},"end":{"line":62,"column":null}},"type":"if","locations":[{"start":{"line":50,"column":2},"end":{"line":62,"column":null}},{"start":{},"end":{}}],"line":50},"3":{"loc":{"start":{"line":57,"column":9},"end":{"line":58,"column":null}},"type":"binary-expr","locations":[{"start":{"line":57,"column":9},"end":{"line":57,"column":null}},{"start":{"line":58,"column":10},"end":{"line":58,"column":null}}],"line":57},"4":{"loc":{"start":{"line":75,"column":9},"end":{"line":75,"column":null}},"type":"binary-expr","locations":[{"start":{"line":75,"column":9},"end":{"line":75,"column":34}},{"start":{"line":75,"column":34},"end":{"line":75,"column":null}}],"line":75},"5":{"loc":{"start":{"line":76,"column":9},"end":{"line":76,"column":null}},"type":"binary-expr","locations":[{"start":{"line":76,"column":9},"end":{"line":76,"column":34}},{"start":{"line":76,"column":34},"end":{"line":76,"column":null}}],"line":76},"6":{"loc":{"start":{"line":77,"column":9},"end":{"line":77,"column":null}},"type":"binary-expr","locations":[{"start":{"line":77,"column":9},"end":{"line":77,"column":34}},{"start":{"line":77,"column":34},"end":{"line":77,"column":null}}],"line":77},"7":{"loc":{"start":{"line":78,"column":9},"end":{"line":78,"column":null}},"type":"binary-expr","locations":[{"start":{"line":78,"column":9},"end":{"line":78,"column":34}},{"start":{"line":78,"column":34},"end":{"line":78,"column":null}}],"line":78},"8":{"loc":{"start":{"line":79,"column":9},"end":{"line":79,"column":null}},"type":"binary-expr","locations":[{"start":{"line":79,"column":9},"end":{"line":79,"column":34}},{"start":{"line":79,"column":34},"end":{"line":79,"column":null}}],"line":79},"9":{"loc":{"start":{"line":80,"column":9},"end":{"line":80,"column":null}},"type":"binary-expr","locations":[{"start":{"line":80,"column":9},"end":{"line":80,"column":34}},{"start":{"line":80,"column":34},"end":{"line":80,"column":null}}],"line":80},"10":{"loc":{"start":{"line":81,"column":9},"end":{"line":81,"column":null}},"type":"binary-expr","locations":[{"start":{"line":81,"column":9},"end":{"line":81,"column":34}},{"start":{"line":81,"column":34},"end":{"line":81,"column":null}}],"line":81},"11":{"loc":{"start":{"line":89,"column":7},"end":{"line":90,"column":null}},"type":"binary-expr","locations":[{"start":{"line":89,"column":7},"end":{"line":89,"column":null}},{"start":{"line":90,"column":8},"end":{"line":90,"column":null}}],"line":89},"12":{"loc":{"start":{"line":93,"column":7},"end":{"line":101,"column":null}},"type":"binary-expr","locations":[{"start":{"line":93,"column":7},"end":{"line":93,"column":22}},{"start":{"line":93,"column":22},"end":{"line":93,"column":null}},{"start":{"line":94,"column":8},"end":{"line":101,"column":null}}],"line":93}},"s":{"0":15,"1":15,"2":15,"3":15,"4":15,"5":15,"6":5,"7":5,"8":2,"9":2,"10":5,"11":15,"12":3,"13":11,"14":1,"15":1,"16":0,"17":10,"18":0,"19":0,"20":0,"21":3},"f":{"0":15,"1":5,"2":1,"3":0,"4":0,"5":0,"6":3},"b":{"0":[2,3],"1":[3,12],"2":[1,10],"3":[1,0],"4":[10,4],"5":[15,0],"6":[15,2],"7":[15,2],"8":[15,1],"9":[15,1],"10":[15,0],"11":[15,2],"12":[15,8,8]},"meta":{"lastBranch":13,"lastFunction":7,"lastStatement":22,"seen":{"f:23:9:23:22":0,"s:24:15:24:Infinity":0,"s:25:17:25:Infinity":1,"s:26:22:26:Infinity":2,"s:27:22:27:Infinity":3,"s:28:8:28:Infinity":4,"s:31:2:39:Infinity":5,"f:31:2:31:18":1,"s:32:22:32:Infinity":6,"b:33:4:36:Infinity:undefined:undefined:undefined:undefined":0,"s:33:4:36:Infinity":7,"s:34:6:34:Infinity":8,"s:35:6:35:Infinity":9,"s:38:4:38:Infinity":10,"b:41:2:48:Infinity:undefined:undefined:undefined:undefined":1,"s:41:2:48:Infinity":11,"s:42:4:46:Infinity":12,"b:50:2:62:Infinity:undefined:undefined:undefined:undefined":2,"s:50:2:62:Infinity":13,"s:51:4:60:Infinity":14,"f:54:22:54:40":2,"s:54:40:54:63":15,"b:57:9:57:Infinity:58:10:58:Infinity":3,"f:58:34:58:52":3,"s:58:52:58:91":16,"s:64:2:103:Infinity":17,"b:75:9:75:34:75:34:75:Infinity":4,"b:76:9:76:34:76:34:76:Infinity":5,"b:77:9:77:34:77:34:77:Infinity":6,"b:78:9:78:34:78:34:78:Infinity":7,"b:79:9:79:34:79:34:79:Infinity":8,"b:80:9:80:34:80:34:80:Infinity":9,"b:81:9:81:34:81:34:81:Infinity":10,"b:89:7:89:Infinity:90:8:90:Infinity":11,"f:90:32:90:50":4,"s:90:50:90:89":18,"b:93:7:93:22:93:22:93:Infinity:94:8:101:Infinity":12,"f:97:10:97:27":5,"s:98:12:98:Infinity":19,"s:99:12:99:Infinity":20,"f:111:24:111:30":6,"s:112:2:115:Infinity":21},"fnNames":{}}}
,"C:\\Users\\mohan\\OneDrive\\Attachments\\Desktop\\claude\\carbon-footprint-platform\\src\\components\\ActionCenter.tsx": {"path":"C:\\Users\\mohan\\OneDrive\\Attachments\\Desktop\\claude\\carbon-footprint-platform\\src\\components\\ActionCenter.tsx","statementMap":{"0":{"start":{"line":7,"column":19},"end":{"line":7,"column":null}},"1":{"start":{"line":8,"column":21},"end":{"line":8,"column":null}},"2":{"start":{"line":9,"column":20},"end":{"line":9,"column":null}},"3":{"start":{"line":10,"column":20},"end":{"line":10,"column":null}},"4":{"start":{"line":12,"column":17},"end":{"line":12,"column":null}},"5":{"start":{"line":20,"column":19},"end":{"line":20,"column":null}},"6":{"start":{"line":21,"column":22},"end":{"line":21,"column":null}},"7":{"start":{"line":23,"column":2},"end":{"line":81,"column":null}},"8":{"start":{"line":50,"column":16},"end":{"line":52,"column":null}},"9":{"start":{"line":75,"column":35},"end":{"line":75,"column":57}},"10":{"start":{"line":75,"column":52},"end":{"line":75,"column":54}},"11":{"start":{"line":86,"column":17},"end":{"line":86,"column":null}},"12":{"start":{"line":87,"column":18},"end":{"line":87,"column":null}},"13":{"start":{"line":87,"column":109},"end":{"line":87,"column":118}},"14":{"start":{"line":88,"column":20},"end":{"line":88,"column":null}},"15":{"start":{"line":90,"column":24},"end":{"line":90,"column":null}},"16":{"start":{"line":91,"column":8},"end":{"line":91,"column":null}},"17":{"start":{"line":93,"column":8},"end":{"line":110,"column":null}},"18":{"start":{"line":94,"column":19},"end":{"line":94,"column":null}},"19":{"start":{"line":95,"column":37},"end":{"line":103,"column":null}},"20":{"start":{"line":104,"column":4},"end":{"line":104,"column":null}},"21":{"start":{"line":105,"column":4},"end":{"line":107,"column":null}},"22":{"start":{"line":106,"column":6},"end":{"line":106,"column":null}},"23":{"start":{"line":108,"column":4},"end":{"line":108,"column":null}},"24":{"start":{"line":109,"column":4},"end":{"line":109,"column":null}},"25":{"start":{"line":109,"column":21},"end":{"line":109,"column":41}},"26":{"start":{"line":112,"column":2},"end":{"line":193,"column":null}},"27":{"start":{"line":134,"column":14},"end":{"line":139,"column":null}},"28":{"start":{"line":147,"column":10},"end":{"line":190,"column":null}},"29":{"start":{"line":159,"column":20},"end":{"line":161,"column":null}},"30":{"start":{"line":166,"column":43},"end":{"line":166,"column":null}},"31":{"start":{"line":166,"column":60},"end":{"line":166,"column":122}},"32":{"start":{"line":169,"column":43},"end":{"line":169,"column":null}},"33":{"start":{"line":169,"column":60},"end":{"line":169,"column":109}},"34":{"start":{"line":178,"column":35},"end":{"line":178,"column":null}},"35":{"start":{"line":200,"column":17},"end":{"line":200,"column":null}},"36":{"start":{"line":201,"column":17},"end":{"line":201,"column":null}},"37":{"start":{"line":202,"column":20},"end":{"line":202,"column":null}},"38":{"start":{"line":203,"column":21},"end":{"line":203,"column":null}},"39":{"start":{"line":205,"column":19},"end":{"line":209,"column":null}},"40":{"start":{"line":206,"column":18},"end":{"line":206,"column":null}},"41":{"start":{"line":207,"column":19},"end":{"line":207,"column":null}},"42":{"start":{"line":208,"column":4},"end":{"line":208,"column":null}},"43":{"start":{"line":211,"column":20},"end":{"line":211,"column":null}},"44":{"start":{"line":211,"column":46},"end":{"line":211,"column":57}},"45":{"start":{"line":212,"column":28},"end":{"line":212,"column":null}},"46":{"start":{"line":212,"column":55},"end":{"line":212,"column":78}},"47":{"start":{"line":213,"column":25},"end":{"line":213,"column":null}},"48":{"start":{"line":214,"column":25},"end":{"line":214,"column":null}},"49":{"start":{"line":214,"column":47},"end":{"line":214,"column":64}},"50":{"start":{"line":216,"column":8},"end":{"line":225,"column":null}},"51":{"start":{"line":217,"column":4},"end":{"line":217,"column":null}},"52":{"start":{"line":218,"column":19},"end":{"line":218,"column":null}},"53":{"start":{"line":218,"column":43},"end":{"line":218,"column":54}},"54":{"start":{"line":219,"column":4},"end":{"line":224,"column":null}},"55":{"start":{"line":220,"column":6},"end":{"line":220,"column":null}},"56":{"start":{"line":221,"column":6},"end":{"line":221,"column":null}},"57":{"start":{"line":221,"column":35},"end":{"line":221,"column":null}},"58":{"start":{"line":222,"column":6},"end":{"line":222,"column":null}},"59":{"start":{"line":222,"column":61},"end":{"line":222,"column":null}},"60":{"start":{"line":223,"column":6},"end":{"line":223,"column":null}},"61":{"start":{"line":223,"column":54},"end":{"line":223,"column":null}},"62":{"start":{"line":227,"column":2},"end":{"line":311,"column":null}},"63":{"start":{"line":237,"column":10},"end":{"line":243,"column":null}},"64":{"start":{"line":237,"column":43},"end":{"line":237,"column":null}},"65":{"start":{"line":268,"column":14},"end":{"line":273,"column":null}},"66":{"start":{"line":268,"column":47},"end":{"line":268,"column":null}},"67":{"start":{"line":280,"column":14},"end":{"line":285,"column":null}},"68":{"start":{"line":280,"column":45},"end":{"line":280,"column":null}},"69":{"start":{"line":292,"column":14},"end":{"line":297,"column":null}},"70":{"start":{"line":295,"column":32},"end":{"line":295,"column":null}},"71":{"start":{"line":296,"column":34},"end":{"line":296,"column":null}}},"fnMap":{"0":{"name":"ActionCard","decl":{"start":{"line":15,"column":9},"end":{"line":15,"column":20}},"loc":{"start":{"line":19,"column":3},"end":{"line":83,"column":null}},"line":19},"1":{"name":"(anonymous_1)","decl":{"start":{"line":49,"column":27},"end":{"line":49,"column":32}},"loc":{"start":{"line":50,"column":16},"end":{"line":52,"column":null}},"line":50},"2":{"name":"(anonymous_2)","decl":{"start":{"line":75,"column":20},"end":{"line":75,"column":35}},"loc":{"start":{"line":75,"column":35},"end":{"line":75,"column":57}},"line":75},"3":{"name":"(anonymous_3)","decl":{"start":{"line":75,"column":35},"end":{"line":75,"column":47}},"loc":{"start":{"line":75,"column":52},"end":{"line":75,"column":54}},"line":75},"4":{"name":"OffsetTab","decl":{"start":{"line":85,"column":9},"end":{"line":85,"column":21}},"loc":{"start":{"line":85,"column":21},"end":{"line":195,"column":null}},"line":85},"5":{"name":"(anonymous_5)","decl":{"start":{"line":87,"column":100},"end":{"line":87,"column":104}},"loc":{"start":{"line":87,"column":109},"end":{"line":87,"column":118}},"line":87},"6":{"name":"(anonymous_6)","decl":{"start":{"line":93,"column":8},"end":{"line":93,"column":26}},"loc":{"start":{"line":93,"column":70},"end":{"line":110,"column":null}},"line":93},"7":{"name":"(anonymous_7)","decl":{"start":{"line":109,"column":4},"end":{"line":109,"column":21}},"loc":{"start":{"line":109,"column":21},"end":{"line":109,"column":41}},"line":109},"8":{"name":"(anonymous_8)","decl":{"start":{"line":133,"column":47},"end":{"line":133,"column":51}},"loc":{"start":{"line":134,"column":14},"end":{"line":139,"column":null}},"line":134},"9":{"name":"(anonymous_9)","decl":{"start":{"line":146,"column":25},"end":{"line":146,"column":29}},"loc":{"start":{"line":147,"column":10},"end":{"line":190,"column":null}},"line":147},"10":{"name":"(anonymous_10)","decl":{"start":{"line":158,"column":32},"end":{"line":158,"column":36}},"loc":{"start":{"line":159,"column":20},"end":{"line":161,"column":null}},"line":159},"11":{"name":"(anonymous_11)","decl":{"start":{"line":166,"column":28},"end":{"line":166,"column":43}},"loc":{"start":{"line":166,"column":43},"end":{"line":166,"column":null}},"line":166},"12":{"name":"(anonymous_12)","decl":{"start":{"line":166,"column":43},"end":{"line":166,"column":54}},"loc":{"start":{"line":166,"column":60},"end":{"line":166,"column":122}},"line":166},"13":{"name":"(anonymous_13)","decl":{"start":{"line":169,"column":28},"end":{"line":169,"column":43}},"loc":{"start":{"line":169,"column":43},"end":{"line":169,"column":null}},"line":169},"14":{"name":"(anonymous_14)","decl":{"start":{"line":169,"column":43},"end":{"line":169,"column":54}},"loc":{"start":{"line":169,"column":60},"end":{"line":169,"column":109}},"line":169},"15":{"name":"(anonymous_15)","decl":{"start":{"line":178,"column":20},"end":{"line":178,"column":35}},"loc":{"start":{"line":178,"column":35},"end":{"line":178,"column":null}},"line":178},"16":{"name":"ActionCenter","decl":{"start":{"line":199,"column":24},"end":{"line":199,"column":37}},"loc":{"start":{"line":199,"column":63},"end":{"line":313,"column":null}},"line":199},"17":{"name":"(anonymous_17)","decl":{"start":{"line":205,"column":33},"end":{"line":205,"column":40}},"loc":{"start":{"line":205,"column":45},"end":{"line":209,"column":3}},"line":205},"18":{"name":"(anonymous_18)","decl":{"start":{"line":211,"column":34},"end":{"line":211,"column":41}},"loc":{"start":{"line":211,"column":46},"end":{"line":211,"column":57}},"line":211},"19":{"name":"(anonymous_19)","decl":{"start":{"line":212,"column":38},"end":{"line":212,"column":46}},"loc":{"start":{"line":212,"column":55},"end":{"line":212,"column":78}},"line":212},"20":{"name":"(anonymous_20)","decl":{"start":{"line":214,"column":35},"end":{"line":214,"column":42}},"loc":{"start":{"line":214,"column":47},"end":{"line":214,"column":64}},"line":214},"21":{"name":"(anonymous_21)","decl":{"start":{"line":216,"column":8},"end":{"line":216,"column":24}},"loc":{"start":{"line":216,"column":39},"end":{"line":225,"column":null}},"line":216},"22":{"name":"(anonymous_22)","decl":{"start":{"line":218,"column":33},"end":{"line":218,"column":38}},"loc":{"start":{"line":218,"column":43},"end":{"line":218,"column":54}},"line":218},"23":{"name":"(anonymous_23)","decl":{"start":{"line":236,"column":18},"end":{"line":236,"column":22}},"loc":{"start":{"line":237,"column":10},"end":{"line":243,"column":null}},"line":237},"24":{"name":"(anonymous_24)","decl":{"start":{"line":237,"column":28},"end":{"line":237,"column":43}},"loc":{"start":{"line":237,"column":43},"end":{"line":237,"column":null}},"line":237},"25":{"name":"(anonymous_25)","decl":{"start":{"line":267,"column":24},"end":{"line":267,"column":28}},"loc":{"start":{"line":268,"column":14},"end":{"line":273,"column":null}},"line":268},"26":{"name":"(anonymous_26)","decl":{"start":{"line":268,"column":32},"end":{"line":268,"column":47}},"loc":{"start":{"line":268,"column":47},"end":{"line":268,"column":null}},"line":268},"27":{"name":"(anonymous_27)","decl":{"start":{"line":279,"column":26},"end":{"line":279,"column":30}},"loc":{"start":{"line":280,"column":14},"end":{"line":285,"column":null}},"line":280},"28":{"name":"(anonymous_28)","decl":{"start":{"line":280,"column":30},"end":{"line":280,"column":45}},"loc":{"start":{"line":280,"column":45},"end":{"line":280,"column":null}},"line":280},"29":{"name":"(anonymous_29)","decl":{"start":{"line":291,"column":22},"end":{"line":291,"column":26}},"loc":{"start":{"line":292,"column":14},"end":{"line":297,"column":null}},"line":292},"30":{"name":"(anonymous_30)","decl":{"start":{"line":295,"column":16},"end":{"line":295,"column":32}},"loc":{"start":{"line":295,"column":32},"end":{"line":295,"column":null}},"line":295},"31":{"name":"(anonymous_31)","decl":{"start":{"line":296,"column":16},"end":{"line":296,"column":34}},"loc":{"start":{"line":296,"column":34},"end":{"line":296,"column":null}},"line":296}},"branchMap":{"0":{"loc":{"start":{"line":25,"column":6},"end":{"line":26,"column":null}},"type":"cond-expr","locations":[{"start":{"line":25,"column":20},"end":{"line":25,"column":null}},{"start":{"line":26,"column":6},"end":{"line":26,"column":null}}],"line":25},"1":{"loc":{"start":{"line":26,"column":6},"end":{"line":26,"column":null}},"type":"cond-expr","locations":[{"start":{"line":26,"column":25},"end":{"line":26,"column":51}},{"start":{"line":26,"column":51},"end":{"line":26,"column":null}}],"line":26},"2":{"loc":{"start":{"line":32,"column":62},"end":{"line":32,"column":null}},"type":"cond-expr","locations":[{"start":{"line":32,"column":76},"end":{"line":32,"column":121}},{"start":{"line":32,"column":121},"end":{"line":32,"column":null}}],"line":32},"3":{"loc":{"start":{"line":40,"column":13},"end":{"line":40,"column":null}},"type":"cond-expr","locations":[{"start":{"line":40,"column":24},"end":{"line":40,"column":45}},{"start":{"line":40,"column":45},"end":{"line":40,"column":null}}],"line":40},"4":{"loc":{"start":{"line":40,"column":82},"end":{"line":40,"column":null}},"type":"cond-expr","locations":[{"start":{"line":40,"column":115},"end":{"line":40,"column":123}},{"start":{"line":40,"column":123},"end":{"line":40,"column":null}}],"line":40},"5":{"loc":{"start":{"line":47,"column":11},"end":{"line":54,"column":null}},"type":"binary-expr","locations":[{"start":{"line":47,"column":11},"end":{"line":47,"column":23}},{"start":{"line":47,"column":23},"end":{"line":47,"column":null}},{"start":{"line":48,"column":12},"end":{"line":54,"column":null}}],"line":47},"6":{"loc":{"start":{"line":61,"column":16},"end":{"line":63,"column":null}},"type":"cond-expr","locations":[{"start":{"line":61,"column":30},"end":{"line":61,"column":null}},{"start":{"line":62,"column":16},"end":{"line":63,"column":null}}],"line":61},"7":{"loc":{"start":{"line":62,"column":16},"end":{"line":63,"column":null}},"type":"cond-expr","locations":[{"start":{"line":62,"column":35},"end":{"line":62,"column":null}},{"start":{"line":63,"column":16},"end":{"line":63,"column":null}}],"line":62},"8":{"loc":{"start":{"line":67,"column":15},"end":{"line":68,"column":29}},"type":"cond-expr","locations":[{"start":{"line":67,"column":29},"end":{"line":67,"column":65}},{"start":{"line":67,"column":58},"end":{"line":68,"column":29}}],"line":67},"9":{"loc":{"start":{"line":67,"column":58},"end":{"line":68,"column":29}},"type":"cond-expr","locations":[{"start":{"line":67,"column":77},"end":{"line":67,"column":107}},{"start":{"line":67,"column":106},"end":{"line":68,"column":29}}],"line":67},"10":{"loc":{"start":{"line":68,"column":15},"end":{"line":68,"column":null}},"type":"cond-expr","locations":[{"start":{"line":68,"column":29},"end":{"line":68,"column":43}},{"start":{"line":68,"column":43},"end":{"line":68,"column":null}}],"line":68},"11":{"loc":{"start":{"line":68,"column":43},"end":{"line":68,"column":null}},"type":"cond-expr","locations":[{"start":{"line":68,"column":62},"end":{"line":68,"column":76}},{"start":{"line":68,"column":76},"end":{"line":68,"column":null}}],"line":68},"12":{"loc":{"start":{"line":70,"column":13},"end":{"line":73,"column":null}},"type":"binary-expr","locations":[{"start":{"line":70,"column":13},"end":{"line":70,"column":33}},{"start":{"line":70,"column":33},"end":{"line":70,"column":null}},{"start":{"line":71,"column":14},"end":{"line":73,"column":null}}],"line":70},"13":{"loc":{"start":{"line":76,"column":15},"end":{"line":76,"column":null}},"type":"cond-expr","locations":[{"start":{"line":76,"column":26},"end":{"line":76,"column":35}},{"start":{"line":76,"column":35},"end":{"line":76,"column":null}}],"line":76},"14":{"loc":{"start":{"line":94,"column":19},"end":{"line":94,"column":null}},"type":"binary-expr","locations":[{"start":{"line":94,"column":19},"end":{"line":94,"column":42}},{"start":{"line":94,"column":42},"end":{"line":94,"column":null}}],"line":94},"15":{"loc":{"start":{"line":105,"column":4},"end":{"line":107,"column":null}},"type":"if","locations":[{"start":{"line":105,"column":4},"end":{"line":107,"column":null}},{"start":{},"end":{}}],"line":105},"16":{"loc":{"start":{"line":129,"column":7},"end":{"line":142,"column":null}},"type":"binary-expr","locations":[{"start":{"line":129,"column":7},"end":{"line":129,"column":null}},{"start":{"line":130,"column":8},"end":{"line":142,"column":null}}],"line":129},"17":{"loc":{"start":{"line":147,"column":73},"end":{"line":147,"column":null}},"type":"cond-expr","locations":[{"start":{"line":147,"column":100},"end":{"line":147,"column":141}},{"start":{"line":147,"column":141},"end":{"line":147,"column":null}}],"line":147},"18":{"loc":{"start":{"line":166,"column":95},"end":{"line":166,"column":117}},"type":"binary-expr","locations":[{"start":{"line":166,"column":95},"end":{"line":166,"column":112}},{"start":{"line":166,"column":112},"end":{"line":166,"column":117}}],"line":166},"19":{"loc":{"start":{"line":169,"column":83},"end":{"line":169,"column":105}},"type":"binary-expr","locations":[{"start":{"line":169,"column":83},"end":{"line":169,"column":100}},{"start":{"line":169,"column":100},"end":{"line":169,"column":105}}],"line":169},"20":{"loc":{"start":{"line":175,"column":73},"end":{"line":175,"column":101}},"type":"binary-expr","locations":[{"start":{"line":175,"column":73},"end":{"line":175,"column":96}},{"start":{"line":175,"column":96},"end":{"line":175,"column":101}}],"line":175},"21":{"loc":{"start":{"line":180,"column":22},"end":{"line":182,"column":null}},"type":"cond-expr","locations":[{"start":{"line":181,"column":26},"end":{"line":181,"column":null}},{"start":{"line":182,"column":26},"end":{"line":182,"column":null}}],"line":180},"22":{"loc":{"start":{"line":185,"column":21},"end":{"line":185,"column":null}},"type":"cond-expr","locations":[{"start":{"line":185,"column":48},"end":{"line":185,"column":62}},{"start":{"line":185,"column":62},"end":{"line":185,"column":null}}],"line":185},"23":{"loc":{"start":{"line":206,"column":18},"end":{"line":206,"column":null}},"type":"binary-expr","locations":[{"start":{"line":206,"column":18},"end":{"line":206,"column":41}},{"start":{"line":206,"column":41},"end":{"line":206,"column":null}}],"line":206},"24":{"loc":{"start":{"line":207,"column":19},"end":{"line":207,"column":null}},"type":"binary-expr","locations":[{"start":{"line":207,"column":19},"end":{"line":207,"column":43}},{"start":{"line":207,"column":43},"end":{"line":207,"column":null}}],"line":207},"25":{"loc":{"start":{"line":208,"column":11},"end":{"line":208,"column":null}},"type":"binary-expr","locations":[{"start":{"line":208,"column":11},"end":{"line":208,"column":20}},{"start":{"line":208,"column":20},"end":{"line":208,"column":null}}],"line":208},"26":{"loc":{"start":{"line":219,"column":4},"end":{"line":224,"column":null}},"type":"if","locations":[{"start":{"line":219,"column":4},"end":{"line":224,"column":null}},{"start":{},"end":{}}],"line":219},"27":{"loc":{"start":{"line":219,"column":8},"end":{"line":219,"column":37}},"type":"binary-expr","locations":[{"start":{"line":219,"column":8},"end":{"line":219,"column":18}},{"start":{"line":219,"column":18},"end":{"line":219,"column":37}}],"line":219},"28":{"loc":{"start":{"line":221,"column":6},"end":{"line":221,"column":null}},"type":"if","locations":[{"start":{"line":221,"column":6},"end":{"line":221,"column":null}},{"start":{},"end":{}}],"line":221},"29":{"loc":{"start":{"line":222,"column":6},"end":{"line":222,"column":null}},"type":"if","locations":[{"start":{"line":222,"column":6},"end":{"line":222,"column":null}},{"start":{},"end":{}}],"line":222},"30":{"loc":{"start":{"line":223,"column":6},"end":{"line":223,"column":null}},"type":"if","locations":[{"start":{"line":223,"column":6},"end":{"line":223,"column":null}},{"start":{},"end":{}}],"line":223},"31":{"loc":{"start":{"line":223,"column":10},"end":{"line":223,"column":54}},"type":"binary-expr","locations":[{"start":{"line":223,"column":10},"end":{"line":223,"column":33}},{"start":{"line":223,"column":33},"end":{"line":223,"column":54}}],"line":223},"32":{"loc":{"start":{"line":239,"column":14},"end":{"line":239,"column":null}},"type":"cond-expr","locations":[{"start":{"line":239,"column":31},"end":{"line":239,"column":80}},{"start":{"line":239,"column":80},"end":{"line":239,"column":null}}],"line":239},"33":{"loc":{"start":{"line":241,"column":13},"end":{"line":242,"column":null}},"type":"cond-expr","locations":[{"start":{"line":241,"column":33},"end":{"line":242,"column":16}},{"start":{"line":242,"column":15},"end":{"line":242,"column":null}}],"line":241},"34":{"loc":{"start":{"line":247,"column":7},"end":{"line":307,"column":null}},"type":"binary-expr","locations":[{"start":{"line":247,"column":7},"end":{"line":247,"column":null}},{"start":{"line":248,"column":8},"end":{"line":307,"column":null}}],"line":247},"35":{"loc":{"start":{"line":270,"column":18},"end":{"line":270,"column":null}},"type":"cond-expr","locations":[{"start":{"line":270,"column":38},"end":{"line":270,"column":106}},{"start":{"line":270,"column":106},"end":{"line":270,"column":null}}],"line":270},"36":{"loc":{"start":{"line":282,"column":18},"end":{"line":282,"column":null}},"type":"cond-expr","locations":[{"start":{"line":282,"column":37},"end":{"line":282,"column":65}},{"start":{"line":282,"column":65},"end":{"line":282,"column":null}}],"line":282},"37":{"loc":{"start":{"line":284,"column":17},"end":{"line":284,"column":null}},"type":"cond-expr","locations":[{"start":{"line":284,"column":31},"end":{"line":284,"column":39}},{"start":{"line":284,"column":39},"end":{"line":284,"column":null}}],"line":284},"38":{"loc":{"start":{"line":301,"column":11},"end":{"line":305,"column":null}},"type":"binary-expr","locations":[{"start":{"line":301,"column":11},"end":{"line":301,"column":null}},{"start":{"line":302,"column":12},"end":{"line":305,"column":null}}],"line":301},"39":{"loc":{"start":{"line":310,"column":7},"end":{"line":310,"column":null}},"type":"binary-expr","locations":[{"start":{"line":310,"column":7},"end":{"line":310,"column":31}},{"start":{"line":310,"column":31},"end":{"line":310,"column":null}}],"line":310}},"s":{"0":2,"1":2,"2":2,"3":2,"4":2,"5":155,"6":155,"7":155,"8":0,"9":0,"10":0,"11":1,"12":1,"13":6,"14":1,"15":1,"16":1,"17":1,"18":0,"19":0,"20":0,"21":0,"22":0,"23":0,"24":0,"25":0,"26":1,"27":0,"28":6,"29":18,"30":0,"31":0,"32":0,"33":0,"34":0,"35":6,"36":6,"37":6,"38":6,"39":6,"40":186,"41":186,"42":186,"43":6,"44":186,"45":6,"46":3,"47":6,"48":6,"49":3,"50":6,"51":2,"52":2,"53":2,"54":2,"55":2,"56":2,"57":0,"58":2,"59":0,"60":2,"61":0,"62":6,"63":12,"64":1,"65":30,"66":0,"67":20,"68":0,"69":155,"70":2,"71":0},"f":{"0":155,"1":0,"2":0,"3":0,"4":1,"5":6,"6":0,"7":0,"8":0,"9":6,"10":18,"11":0,"12":0,"13":0,"14":0,"15":0,"16":6,"17":186,"18":186,"19":3,"20":3,"21":2,"22":2,"23":12,"24":1,"25":30,"26":0,"27":20,"28":0,"29":155,"30":2,"31":0},"b":{"0":[0,155],"1":[2,153],"2":[0,155],"3":[0,155],"4":[100,55],"5":[155,0,0],"6":[0,155],"7":[2,153],"8":[0,155],"9":[2,153],"10":[0,155],"11":[2,153],"12":[155,2,2],"13":[0,155],"14":[0,0],"15":[0,0],"16":[1,0],"17":[0,6],"18":[0,0],"19":[0,0],"20":[6,0],"21":[0,6],"22":[0,6],"23":[186,0],"24":[186,0],"25":[186,186],"26":[2,0],"27":[2,2],"28":[0,2],"29":[0,2],"30":[0,2],"31":[2,2],"32":[6,6],"33":[6,6],"34":[6,5],"35":[5,25],"36":[5,15],"37":[5,15],"38":[5,0],"39":[6,1]},"meta":{"lastBranch":40,"lastFunction":32,"lastStatement":72,"seen":{"s:7:19:7:Infinity":0,"s:8:21:8:Infinity":1,"s:9:20:9:Infinity":2,"s:10:20:10:Infinity":3,"s:12:17:12:Infinity":4,"f:15:9:15:20":0,"s:20:19:20:Infinity":5,"s:21:22:21:Infinity":6,"s:23:2:81:Infinity":7,"b:25:20:25:Infinity:26:6:26:Infinity":0,"b:26:25:26:51:26:51:26:Infinity":1,"b:32:76:32:121:32:121:32:Infinity":2,"b:40:24:40:45:40:45:40:Infinity":3,"b:40:115:40:123:40:123:40:Infinity":4,"b:47:11:47:23:47:23:47:Infinity:48:12:54:Infinity":5,"f:49:27:49:32":1,"s:50:16:52:Infinity":8,"b:61:30:61:Infinity:62:16:63:Infinity":6,"b:62:35:62:Infinity:63:16:63:Infinity":7,"b:67:29:67:65:67:58:68:29":8,"b:67:77:67:107:67:106:68:29":9,"b:68:29:68:43:68:43:68:Infinity":10,"b:68:62:68:76:68:76:68:Infinity":11,"b:70:13:70:33:70:33:70:Infinity:71:14:73:Infinity":12,"f:75:20:75:35":2,"s:75:35:75:57":9,"f:75:35:75:47":3,"s:75:52:75:54":10,"b:76:26:76:35:76:35:76:Infinity":13,"f:85:9:85:21":4,"s:86:17:86:Infinity":11,"s:87:18:87:Infinity":12,"f:87:100:87:104":5,"s:87:109:87:118":13,"s:88:20:88:Infinity":14,"s:90:24:90:Infinity":15,"s:91:8:91:Infinity":16,"s:93:8:110:Infinity":17,"f:93:8:93:26":6,"s:94:19:94:Infinity":18,"b:94:19:94:42:94:42:94:Infinity":14,"s:95:37:103:Infinity":19,"s:104:4:104:Infinity":20,"b:105:4:107:Infinity:undefined:undefined:undefined:undefined":15,"s:105:4:107:Infinity":21,"s:106:6:106:Infinity":22,"s:108:4:108:Infinity":23,"s:109:4:109:Infinity":24,"f:109:4:109:21":7,"s:109:21:109:41":25,"s:112:2:193:Infinity":26,"b:129:7:129:Infinity:130:8:142:Infinity":16,"f:133:47:133:51":8,"s:134:14:139:Infinity":27,"f:146:25:146:29":9,"s:147:10:190:Infinity":28,"b:147:100:147:141:147:141:147:Infinity":17,"f:158:32:158:36":10,"s:159:20:161:Infinity":29,"f:166:28:166:43":11,"s:166:43:166:Infinity":30,"f:166:43:166:54":12,"s:166:60:166:122":31,"b:166:95:166:112:166:112:166:117":18,"f:169:28:169:43":13,"s:169:43:169:Infinity":32,"f:169:43:169:54":14,"s:169:60:169:109":33,"b:169:83:169:100:169:100:169:105":19,"b:175:73:175:96:175:96:175:101":20,"f:178:20:178:35":15,"s:178:35:178:Infinity":34,"b:181:26:181:Infinity:182:26:182:Infinity":21,"b:185:48:185:62:185:62:185:Infinity":22,"f:199:24:199:37":16,"s:200:17:200:Infinity":35,"s:201:17:201:Infinity":36,"s:202:20:202:Infinity":37,"s:203:21:203:Infinity":38,"s:205:19:209:Infinity":39,"f:205:33:205:40":17,"s:206:18:206:Infinity":40,"b:206:18:206:41:206:41:206:Infinity":23,"s:207:19:207:Infinity":41,"b:207:19:207:43:207:43:207:Infinity":24,"s:208:4:208:Infinity":42,"b:208:11:208:20:208:20:208:Infinity":25,"s:211:20:211:Infinity":43,"f:211:34:211:41":18,"s:211:46:211:57":44,"s:212:28:212:Infinity":45,"f:212:38:212:46":19,"s:212:55:212:78":46,"s:213:25:213:Infinity":47,"s:214:25:214:Infinity":48,"f:214:35:214:42":20,"s:214:47:214:64":49,"s:216:8:225:Infinity":50,"f:216:8:216:24":21,"s:217:4:217:Infinity":51,"s:218:19:218:Infinity":52,"f:218:33:218:38":22,"s:218:43:218:54":53,"b:219:4:224:Infinity:undefined:undefined:undefined:undefined":26,"s:219:4:224:Infinity":54,"b:219:8:219:18:219:18:219:37":27,"s:220:6:220:Infinity":55,"b:221:6:221:Infinity:undefined:undefined:undefined:undefined":28,"s:221:6:221:Infinity":56,"s:221:35:221:Infinity":57,"b:222:6:222:Infinity:undefined:undefined:undefined:undefined":29,"s:222:6:222:Infinity":58,"s:222:61:222:Infinity":59,"b:223:6:223:Infinity:undefined:undefined:undefined:undefined":30,"s:223:6:223:Infinity":60,"b:223:10:223:33:223:33:223:54":31,"s:223:54:223:Infinity":61,"s:227:2:311:Infinity":62,"f:236:18:236:22":23,"s:237:10:243:Infinity":63,"f:237:28:237:43":24,"s:237:43:237:Infinity":64,"b:239:31:239:80:239:80:239:Infinity":32,"b:241:33:242:16:242:15:242:Infinity":33,"b:247:7:247:Infinity:248:8:307:Infinity":34,"f:267:24:267:28":25,"s:268:14:273:Infinity":65,"f:268:32:268:47":26,"s:268:47:268:Infinity":66,"b:270:38:270:106:270:106:270:Infinity":35,"f:279:26:279:30":27,"s:280:14:285:Infinity":67,"f:280:30:280:45":28,"s:280:45:280:Infinity":68,"b:282:37:282:65:282:65:282:Infinity":36,"b:284:31:284:39:284:39:284:Infinity":37,"f:291:22:291:26":29,"s:292:14:297:Infinity":69,"f:295:16:295:32":30,"s:295:32:295:Infinity":70,"f:296:16:296:34":31,"s:296:34:296:Infinity":71,"b:301:11:301:Infinity:302:12:305:Infinity":38,"b:310:7:310:31:310:31:310:Infinity":39},"fnNames":{}}}
,"C:\\Users\\mohan\\OneDrive\\Attachments\\Desktop\\claude\\carbon-footprint-platform\\src\\components\\ActivityTracker.tsx": {"path":"C:\\Users\\mohan\\OneDrive\\Attachments\\Desktop\\claude\\carbon-footprint-platform\\src\\components\\ActivityTracker.tsx","statementMap":{"0":{"start":{"line":7,"column":58},"end":{"line":14,"column":null}},"1":{"start":{"line":19,"column":17},"end":{"line":19,"column":null}},"2":{"start":{"line":20,"column":36},"end":{"line":20,"column":null}},"3":{"start":{"line":21,"column":21},"end":{"line":21,"column":null}},"4":{"start":{"line":22,"column":21},"end":{"line":22,"column":null}},"5":{"start":{"line":23,"column":20},"end":{"line":23,"column":null}},"6":{"start":{"line":24,"column":21},"end":{"line":24,"column":null}},"7":{"start":{"line":25,"column":20},"end":{"line":25,"column":null}},"8":{"start":{"line":26,"column":17},"end":{"line":26,"column":null}},"9":{"start":{"line":28,"column":8},"end":{"line":36,"column":null}},"10":{"start":{"line":29,"column":31},"end":{"line":33,"column":null}},"11":{"start":{"line":34,"column":4},"end":{"line":34,"column":null}},"12":{"start":{"line":35,"column":4},"end":{"line":35,"column":null}},"13":{"start":{"line":38,"column":8},"end":{"line":51,"column":null}},"14":{"start":{"line":39,"column":4},"end":{"line":39,"column":null}},"15":{"start":{"line":39,"column":28},"end":{"line":39,"column":null}},"16":{"start":{"line":40,"column":31},"end":{"line":48,"column":null}},"17":{"start":{"line":49,"column":4},"end":{"line":49,"column":null}},"18":{"start":{"line":50,"column":4},"end":{"line":50,"column":23}},"19":{"start":{"line":50,"column":23},"end":{"line":50,"column":41}},"20":{"start":{"line":50,"column":41},"end":{"line":50,"column":null}},"21":{"start":{"line":53,"column":14},"end":{"line":53,"column":null}},"22":{"start":{"line":54,"column":29},"end":{"line":59,"column":null}},"23":{"start":{"line":55,"column":15},"end":{"line":55,"column":null}},"24":{"start":{"line":56,"column":4},"end":{"line":56,"column":null}},"25":{"start":{"line":56,"column":29},"end":{"line":56,"column":null}},"26":{"start":{"line":57,"column":4},"end":{"line":57,"column":null}},"27":{"start":{"line":57,"column":29},"end":{"line":57,"column":null}},"28":{"start":{"line":58,"column":4},"end":{"line":58,"column":null}},"29":{"start":{"line":61,"column":25},"end":{"line":63,"column":null}},"30":{"start":{"line":62,"column":17},"end":{"line":62,"column":32}},"31":{"start":{"line":63,"column":22},"end":{"line":63,"column":49}},"32":{"start":{"line":65,"column":8},"end":{"line":65,"column":null}},"33":{"start":{"line":66,"column":30},"end":{"line":70,"column":null}},"34":{"start":{"line":67,"column":14},"end":{"line":67,"column":null}},"35":{"start":{"line":68,"column":17},"end":{"line":68,"column":null}},"36":{"start":{"line":69,"column":4},"end":{"line":69,"column":null}},"37":{"start":{"line":71,"column":21},"end":{"line":71,"column":null}},"38":{"start":{"line":71,"column":53},"end":{"line":71,"column":68}},"39":{"start":{"line":71,"column":87},"end":{"line":71,"column":114}},"40":{"start":{"line":72,"column":22},"end":{"line":72,"column":null}},"41":{"start":{"line":74,"column":2},"end":{"line":229,"column":null}},"42":{"start":{"line":81,"column":31},"end":{"line":81,"column":null}},"43":{"start":{"line":105,"column":12},"end":{"line":113,"column":null}},"44":{"start":{"line":107,"column":29},"end":{"line":107,"column":null}},"45":{"start":{"line":124,"column":37},"end":{"line":124,"column":59}},"46":{"start":{"line":131,"column":29},"end":{"line":131,"column":null}},"47":{"start":{"line":141,"column":31},"end":{"line":141,"column":null}},"48":{"start":{"line":151,"column":18},"end":{"line":156,"column":null}},"49":{"start":{"line":151,"column":51},"end":{"line":151,"column":null}},"50":{"start":{"line":162,"column":37},"end":{"line":162,"column":59}},"51":{"start":{"line":177,"column":14},"end":{"line":182,"column":null}},"52":{"start":{"line":177,"column":45},"end":{"line":177,"column":null}},"53":{"start":{"line":196,"column":14},"end":{"line":217,"column":null}}},"fnMap":{"0":{"name":"ActivityTracker","decl":{"start":{"line":18,"column":24},"end":{"line":18,"column":40}},"loc":{"start":{"line":18,"column":66},"end":{"line":231,"column":null}},"line":18},"1":{"name":"(anonymous_1)","decl":{"start":{"line":28,"column":8},"end":{"line":28,"column":20}},"loc":{"start":{"line":28,"column":64},"end":{"line":36,"column":null}},"line":28},"2":{"name":"(anonymous_2)","decl":{"start":{"line":38,"column":8},"end":{"line":38,"column":26}},"loc":{"start":{"line":38,"column":26},"end":{"line":51,"column":null}},"line":38},"3":{"name":"(anonymous_3)","decl":{"start":{"line":54,"column":40},"end":{"line":54,"column":47}},"loc":{"start":{"line":54,"column":52},"end":{"line":59,"column":3}},"line":54},"4":{"name":"(anonymous_4)","decl":{"start":{"line":62,"column":5},"end":{"line":62,"column":12}},"loc":{"start":{"line":62,"column":17},"end":{"line":62,"column":32}},"line":62},"5":{"name":"(anonymous_5)","decl":{"start":{"line":63,"column":5},"end":{"line":63,"column":13}},"loc":{"start":{"line":63,"column":22},"end":{"line":63,"column":49}},"line":63},"6":{"name":"(anonymous_6)","decl":{"start":{"line":66,"column":41},"end":{"line":66,"column":48}},"loc":{"start":{"line":66,"column":53},"end":{"line":70,"column":3}},"line":66},"7":{"name":"(anonymous_7)","decl":{"start":{"line":71,"column":41},"end":{"line":71,"column":48}},"loc":{"start":{"line":71,"column":53},"end":{"line":71,"column":68}},"line":71},"8":{"name":"(anonymous_8)","decl":{"start":{"line":71,"column":70},"end":{"line":71,"column":78}},"loc":{"start":{"line":71,"column":87},"end":{"line":71,"column":114}},"line":71},"9":{"name":"(anonymous_9)","decl":{"start":{"line":81,"column":16},"end":{"line":81,"column":31}},"loc":{"start":{"line":81,"column":31},"end":{"line":81,"column":null}},"line":81},"10":{"name":"(anonymous_10)","decl":{"start":{"line":104,"column":28},"end":{"line":104,"column":33}},"loc":{"start":{"line":105,"column":12},"end":{"line":113,"column":null}},"line":105},"11":{"name":"(anonymous_11)","decl":{"start":{"line":107,"column":14},"end":{"line":107,"column":29}},"loc":{"start":{"line":107,"column":29},"end":{"line":107,"column":null}},"line":107},"12":{"name":"(anonymous_12)","decl":{"start":{"line":124,"column":22},"end":{"line":124,"column":37}},"loc":{"start":{"line":124,"column":37},"end":{"line":124,"column":59}},"line":124},"13":{"name":"(anonymous_13)","decl":{"start":{"line":131,"column":14},"end":{"line":131,"column":24}},"loc":{"start":{"line":131,"column":29},"end":{"line":131,"column":null}},"line":131},"14":{"name":"(anonymous_14)","decl":{"start":{"line":141,"column":16},"end":{"line":141,"column":26}},"loc":{"start":{"line":141,"column":31},"end":{"line":141,"column":null}},"line":141},"15":{"name":"(anonymous_15)","decl":{"start":{"line":150,"column":90},"end":{"line":150,"column":94}},"loc":{"start":{"line":151,"column":18},"end":{"line":156,"column":null}},"line":151},"16":{"name":"(anonymous_16)","decl":{"start":{"line":151,"column":36},"end":{"line":151,"column":51}},"loc":{"start":{"line":151,"column":51},"end":{"line":151,"column":null}},"line":151},"17":{"name":"(anonymous_17)","decl":{"start":{"line":162,"column":22},"end":{"line":162,"column":37}},"loc":{"start":{"line":162,"column":37},"end":{"line":162,"column":59}},"line":162},"18":{"name":"(anonymous_18)","decl":{"start":{"line":176,"column":47},"end":{"line":176,"column":51}},"loc":{"start":{"line":177,"column":14},"end":{"line":182,"column":null}},"line":177},"19":{"name":"(anonymous_19)","decl":{"start":{"line":177,"column":30},"end":{"line":177,"column":45}},"loc":{"start":{"line":177,"column":45},"end":{"line":177,"column":null}},"line":177},"20":{"name":"(anonymous_20)","decl":{"start":{"line":195,"column":32},"end":{"line":195,"column":36}},"loc":{"start":{"line":196,"column":14},"end":{"line":217,"column":null}},"line":196}},"branchMap":{"0":{"loc":{"start":{"line":39,"column":4},"end":{"line":39,"column":null}},"type":"if","locations":[{"start":{"line":39,"column":4},"end":{"line":39,"column":null}},{"start":{},"end":{}}],"line":39},"1":{"loc":{"start":{"line":56,"column":4},"end":{"line":56,"column":null}},"type":"if","locations":[{"start":{"line":56,"column":4},"end":{"line":56,"column":null}},{"start":{},"end":{}}],"line":56},"2":{"loc":{"start":{"line":57,"column":4},"end":{"line":57,"column":null}},"type":"if","locations":[{"start":{"line":57,"column":4},"end":{"line":57,"column":null}},{"start":{},"end":{}}],"line":57},"3":{"loc":{"start":{"line":65,"column":25},"end":{"line":65,"column":53}},"type":"binary-expr","locations":[{"start":{"line":65,"column":25},"end":{"line":65,"column":45}},{"start":{"line":65,"column":45},"end":{"line":65,"column":53}}],"line":65},"4":{"loc":{"start":{"line":69,"column":11},"end":{"line":69,"column":null}},"type":"binary-expr","locations":[{"start":{"line":69,"column":11},"end":{"line":69,"column":47}},{"start":{"line":69,"column":47},"end":{"line":69,"column":null}}],"line":69},"5":{"loc":{"start":{"line":119,"column":7},"end":{"line":166,"column":null}},"type":"binary-expr","locations":[{"start":{"line":119,"column":7},"end":{"line":119,"column":null}},{"start":{"line":120,"column":8},"end":{"line":166,"column":null}}],"line":119},"6":{"loc":{"start":{"line":153,"column":22},"end":{"line":153,"column":null}},"type":"cond-expr","locations":[{"start":{"line":153,"column":42},"end":{"line":153,"column":100}},{"start":{"line":153,"column":100},"end":{"line":153,"column":null}}],"line":153},"7":{"loc":{"start":{"line":179,"column":18},"end":{"line":179,"column":null}},"type":"cond-expr","locations":[{"start":{"line":179,"column":33},"end":{"line":179,"column":72}},{"start":{"line":179,"column":72},"end":{"line":179,"column":null}}],"line":179},"8":{"loc":{"start":{"line":187,"column":9},"end":{"line":219,"column":null}},"type":"cond-expr","locations":[{"start":{"line":188,"column":10},"end":{"line":194,"column":11}},{"start":{"line":194,"column":10},"end":{"line":219,"column":null}}],"line":187},"9":{"loc":{"start":{"line":212,"column":53},"end":{"line":212,"column":null}},"type":"cond-expr","locations":[{"start":{"line":212,"column":73},"end":{"line":212,"column":94}},{"start":{"line":212,"column":94},"end":{"line":212,"column":null}}],"line":212},"10":{"loc":{"start":{"line":213,"column":21},"end":{"line":213,"column":51}},"type":"cond-expr","locations":[{"start":{"line":213,"column":41},"end":{"line":213,"column":47}},{"start":{"line":213,"column":47},"end":{"line":213,"column":51}}],"line":213},"11":{"loc":{"start":{"line":222,"column":9},"end":{"line":226,"column":null}},"type":"binary-expr","locations":[{"start":{"line":222,"column":9},"end":{"line":222,"column":null}},{"start":{"line":223,"column":10},"end":{"line":226,"column":null}}],"line":222}},"s":{"0":2,"1":6,"2":6,"3":6,"4":6,"5":6,"6":6,"7":6,"8":6,"9":6,"10":1,"11":1,"12":1,"13":6,"14":0,"15":0,"16":0,"17":0,"18":0,"19":0,"20":0,"21":6,"22":6,"23":1,"24":1,"25":1,"26":0,"27":0,"28":0,"29":6,"30":1,"31":1,"32":6,"33":6,"34":1,"35":1,"36":1,"37":6,"38":1,"39":1,"40":6,"41":6,"42":1,"43":72,"44":1,"45":0,"46":0,"47":0,"48":15,"49":0,"50":0,"51":18,"52":2,"53":1},"f":{"0":6,"1":1,"2":0,"3":1,"4":1,"5":1,"6":1,"7":1,"8":1,"9":1,"10":72,"11":1,"12":0,"13":0,"14":0,"15":15,"16":0,"17":0,"18":18,"19":2,"20":1},"b":{"0":[0,0],"1":[1,0],"2":[0,0],"3":[6,0],"4":[1,1],"5":[6,3],"6":[3,12],"7":[6,12],"8":[5,1],"9":[1,0],"10":[0,1],"11":[6,1]},"meta":{"lastBranch":12,"lastFunction":21,"lastStatement":54,"seen":{"s:7:58:14:Infinity":0,"f:18:24:18:40":0,"s:19:17:19:Infinity":1,"s:20:36:20:Infinity":2,"s:21:21:21:Infinity":3,"s:22:21:22:Infinity":4,"s:23:20:23:Infinity":5,"s:24:21:24:Infinity":6,"s:25:20:25:Infinity":7,"s:26:17:26:Infinity":8,"s:28:8:36:Infinity":9,"f:28:8:28:20":1,"s:29:31:33:Infinity":10,"s:34:4:34:Infinity":11,"s:35:4:35:Infinity":12,"s:38:8:51:Infinity":13,"f:38:8:38:26":2,"b:39:4:39:Infinity:undefined:undefined:undefined:undefined":0,"s:39:4:39:Infinity":14,"s:39:28:39:Infinity":15,"s:40:31:48:Infinity":16,"s:49:4:49:Infinity":17,"s:50:4:50:23":18,"s:50:23:50:41":19,"s:50:41:50:Infinity":20,"s:53:14:53:Infinity":21,"s:54:29:59:Infinity":22,"f:54:40:54:47":3,"s:55:15:55:Infinity":23,"b:56:4:56:Infinity:undefined:undefined:undefined:undefined":1,"s:56:4:56:Infinity":24,"s:56:29:56:Infinity":25,"b:57:4:57:Infinity:undefined:undefined:undefined:undefined":2,"s:57:4:57:Infinity":26,"s:57:29:57:Infinity":27,"s:58:4:58:Infinity":28,"s:61:25:63:Infinity":29,"f:62:5:62:12":4,"s:62:17:62:32":30,"f:63:5:63:13":5,"s:63:22:63:49":31,"s:65:8:65:Infinity":32,"b:65:25:65:45:65:45:65:53":3,"s:66:30:70:Infinity":33,"f:66:41:66:48":6,"s:67:14:67:Infinity":34,"s:68:17:68:Infinity":35,"s:69:4:69:Infinity":36,"b:69:11:69:47:69:47:69:Infinity":4,"s:71:21:71:Infinity":37,"f:71:41:71:48":7,"s:71:53:71:68":38,"f:71:70:71:78":8,"s:71:87:71:114":39,"s:72:22:72:Infinity":40,"s:74:2:229:Infinity":41,"f:81:16:81:31":9,"s:81:31:81:Infinity":42,"f:104:28:104:33":10,"s:105:12:113:Infinity":43,"f:107:14:107:29":11,"s:107:29:107:Infinity":44,"b:119:7:119:Infinity:120:8:166:Infinity":5,"f:124:22:124:37":12,"s:124:37:124:59":45,"f:131:14:131:24":13,"s:131:29:131:Infinity":46,"f:141:16:141:26":14,"s:141:31:141:Infinity":47,"f:150:90:150:94":15,"s:151:18:156:Infinity":48,"f:151:36:151:51":16,"s:151:51:151:Infinity":49,"b:153:42:153:100:153:100:153:Infinity":6,"f:162:22:162:37":17,"s:162:37:162:59":50,"f:176:47:176:51":18,"s:177:14:182:Infinity":51,"f:177:30:177:45":19,"s:177:45:177:Infinity":52,"b:179:33:179:72:179:72:179:Infinity":7,"b:188:10:194:11:194:10:219:Infinity":8,"f:195:32:195:36":20,"s:196:14:217:Infinity":53,"b:212:73:212:94:212:94:212:Infinity":9,"b:213:41:213:47:213:47:213:51":10,"b:222:9:222:Infinity:223:10:226:Infinity":11},"fnNames":{}}}
,"C:\\Users\\mohan\\OneDrive\\Attachments\\Desktop\\claude\\carbon-footprint-platform\\src\\components\\AiAssistant.tsx": {"path":"C:\\Users\\mohan\\OneDrive\\Attachments\\Desktop\\claude\\carbon-footprint-platform\\src\\components\\AiAssistant.tsx","statementMap":{"0":{"start":{"line":7,"column":10},"end":{"line":7,"column":null}},"1":{"start":{"line":8,"column":19},"end":{"line":8,"column":null}},"2":{"start":{"line":9,"column":18},"end":{"line":9,"column":null}},"3":{"start":{"line":10,"column":16},"end":{"line":10,"column":null}},"4":{"start":{"line":12,"column":25},"end":{"line":49,"column":null}},"5":{"start":{"line":13,"column":20},"end":{"line":13,"column":null}},"6":{"start":{"line":15,"column":4},"end":{"line":18,"column":null}},"7":{"start":{"line":16,"column":6},"end":{"line":16,"column":null}},"8":{"start":{"line":17,"column":6},"end":{"line":17,"column":null}},"9":{"start":{"line":20,"column":4},"end":{"line":23,"column":null}},"10":{"start":{"line":21,"column":6},"end":{"line":21,"column":null}},"11":{"start":{"line":22,"column":6},"end":{"line":22,"column":null}},"12":{"start":{"line":25,"column":4},"end":{"line":25,"column":null}},"13":{"start":{"line":26,"column":4},"end":{"line":26,"column":null}},"14":{"start":{"line":28,"column":4},"end":{"line":48,"column":null}},"15":{"start":{"line":29,"column":20},"end":{"line":29,"column":null}},"16":{"start":{"line":31,"column":20},"end":{"line":31,"column":null}},"17":{"start":{"line":33,"column":21},"end":{"line":38,"column":null}},"18":{"start":{"line":42,"column":21},"end":{"line":42,"column":null}},"19":{"start":{"line":43,"column":6},"end":{"line":43,"column":null}},"20":{"start":{"line":45,"column":6},"end":{"line":45,"column":null}},"21":{"start":{"line":47,"column":6},"end":{"line":47,"column":null}},"22":{"start":{"line":51,"column":2},"end":{"line":102,"column":null}},"23":{"start":{"line":95,"column":27},"end":{"line":95,"column":null}}},"fnMap":{"0":{"name":"AiAssistant","decl":{"start":{"line":6,"column":24},"end":{"line":6,"column":38}},"loc":{"start":{"line":6,"column":38},"end":{"line":104,"column":null}},"line":6},"1":{"name":"(anonymous_1)","decl":{"start":{"line":12,"column":25},"end":{"line":12,"column":37}},"loc":{"start":{"line":12,"column":37},"end":{"line":49,"column":null}},"line":12},"2":{"name":"(anonymous_2)","decl":{"start":{"line":95,"column":12},"end":{"line":95,"column":27}},"loc":{"start":{"line":95,"column":27},"end":{"line":95,"column":null}},"line":95}},"branchMap":{"0":{"loc":{"start":{"line":15,"column":4},"end":{"line":18,"column":null}},"type":"if","locations":[{"start":{"line":15,"column":4},"end":{"line":18,"column":null}},{"start":{},"end":{}}],"line":15},"1":{"loc":{"start":{"line":15,"column":8},"end":{"line":15,"column":36}},"type":"binary-expr","locations":[{"start":{"line":15,"column":8},"end":{"line":15,"column":20}},{"start":{"line":15,"column":20},"end":{"line":15,"column":36}}],"line":15},"2":{"loc":{"start":{"line":20,"column":4},"end":{"line":23,"column":null}},"type":"if","locations":[{"start":{"line":20,"column":4},"end":{"line":23,"column":null}},{"start":{},"end":{}}],"line":20},"3":{"loc":{"start":{"line":20,"column":8},"end":{"line":20,"column":45}},"type":"binary-expr","locations":[{"start":{"line":20,"column":8},"end":{"line":20,"column":27}},{"start":{"line":20,"column":27},"end":{"line":20,"column":45}}],"line":20},"4":{"loc":{"start":{"line":45,"column":48},"end":{"line":45,"column":97}},"type":"cond-expr","locations":[{"start":{"line":45,"column":71},"end":{"line":45,"column":85}},{"start":{"line":45,"column":85},"end":{"line":45,"column":97}}],"line":45},"5":{"loc":{"start":{"line":66,"column":7},"end":{"line":73,"column":null}},"type":"binary-expr","locations":[{"start":{"line":66,"column":7},"end":{"line":66,"column":20}},{"start":{"line":66,"column":20},"end":{"line":66,"column":null}},{"start":{"line":67,"column":8},"end":{"line":73,"column":null}}],"line":66},"6":{"loc":{"start":{"line":76,"column":7},"end":{"line":80,"column":null}},"type":"binary-expr","locations":[{"start":{"line":76,"column":7},"end":{"line":76,"column":null}},{"start":{"line":77,"column":8},"end":{"line":80,"column":null}}],"line":76},"7":{"loc":{"start":{"line":83,"column":7},"end":{"line":86,"column":null}},"type":"binary-expr","locations":[{"start":{"line":83,"column":7},"end":{"line":83,"column":null}},{"start":{"line":84,"column":8},"end":{"line":86,"column":null}}],"line":83},"8":{"loc":{"start":{"line":89,"column":7},"end":{"line":100,"column":null}},"type":"binary-expr","locations":[{"start":{"line":89,"column":7},"end":{"line":89,"column":19}},{"start":{"line":89,"column":19},"end":{"line":89,"column":null}},{"start":{"line":90,"column":8},"end":{"line":100,"column":null}}],"line":89}},"s":{"0":8,"1":8,"2":8,"3":8,"4":8,"5":0,"6":0,"7":0,"8":0,"9":0,"10":0,"11":0,"12":0,"13":0,"14":0,"15":0,"16":0,"17":0,"18":0,"19":0,"20":0,"21":0,"22":8,"23":0},"f":{"0":8,"1":0,"2":0},"b":{"0":[0,0],"1":[0,0],"2":[0,0],"3":[0,0],"4":[0,0],"5":[8,8,8],"6":[8,0],"7":[8,0],"8":[8,0,0]},"meta":{"lastBranch":9,"lastFunction":3,"lastStatement":24,"seen":{"f:6:24:6:38":0,"s:7:10:7:Infinity":0,"s:8:19:8:Infinity":1,"s:9:18:9:Infinity":2,"s:10:16:10:Infinity":3,"s:12:25:49:Infinity":4,"f:12:25:12:37":1,"s:13:20:13:Infinity":5,"b:15:4:18:Infinity:undefined:undefined:undefined:undefined":0,"s:15:4:18:Infinity":6,"b:15:8:15:20:15:20:15:36":1,"s:16:6:16:Infinity":7,"s:17:6:17:Infinity":8,"b:20:4:23:Infinity:undefined:undefined:undefined:undefined":2,"s:20:4:23:Infinity":9,"b:20:8:20:27:20:27:20:45":3,"s:21:6:21:Infinity":10,"s:22:6:22:Infinity":11,"s:25:4:25:Infinity":12,"s:26:4:26:Infinity":13,"s:28:4:48:Infinity":14,"s:29:20:29:Infinity":15,"s:31:20:31:Infinity":16,"s:33:21:38:Infinity":17,"s:42:21:42:Infinity":18,"s:43:6:43:Infinity":19,"s:45:6:45:Infinity":20,"b:45:71:45:85:45:85:45:97":4,"s:47:6:47:Infinity":21,"s:51:2:102:Infinity":22,"b:66:7:66:20:66:20:66:Infinity:67:8:73:Infinity":5,"b:76:7:76:Infinity:77:8:80:Infinity":6,"b:83:7:83:Infinity:84:8:86:Infinity":7,"b:89:7:89:19:89:19:89:Infinity:90:8:100:Infinity":8,"f:95:12:95:27":2,"s:95:27:95:Infinity":23},"fnNames":{}}}
,"C:\\Users\\mohan\\OneDrive\\Attachments\\Desktop\\claude\\carbon-footprint-platform\\src\\components\\AuthScreen.tsx": {"path":"C:\\Users\\mohan\\OneDrive\\Attachments\\Desktop\\claude\\carbon-footprint-platform\\src\\components\\AuthScreen.tsx","statementMap":{"0":{"start":{"line":6,"column":15},"end":{"line":6,"column":null}},"1":{"start":{"line":7,"column":15},"end":{"line":7,"column":null}},"2":{"start":{"line":8,"column":16},"end":{"line":8,"column":null}},"3":{"start":{"line":9,"column":19},"end":{"line":9,"column":null}},"4":{"start":{"line":10,"column":16},"end":{"line":10,"column":null}},"5":{"start":{"line":12,"column":10},"end":{"line":12,"column":null}},"6":{"start":{"line":14,"column":8},"end":{"line":52,"column":null}},"7":{"start":{"line":15,"column":4},"end":{"line":15,"column":null}},"8":{"start":{"line":16,"column":4},"end":{"line":16,"column":null}},"9":{"start":{"line":18,"column":15},"end":{"line":18,"column":null}},"10":{"start":{"line":20,"column":4},"end":{"line":51,"column":null}},"11":{"start":{"line":21,"column":6},"end":{"line":24,"column":null}},"12":{"start":{"line":22,"column":8},"end":{"line":22,"column":null}},"13":{"start":{"line":23,"column":8},"end":{"line":23,"column":null}},"14":{"start":{"line":25,"column":6},"end":{"line":28,"column":null}},"15":{"start":{"line":26,"column":8},"end":{"line":26,"column":null}},"16":{"start":{"line":27,"column":8},"end":{"line":27,"column":null}},"17":{"start":{"line":30,"column":6},"end":{"line":30,"column":null}},"18":{"start":{"line":31,"column":6},"end":{"line":31,"column":null}},"19":{"start":{"line":33,"column":6},"end":{"line":36,"column":null}},"20":{"start":{"line":40,"column":25},"end":{"line":40,"column":null}},"21":{"start":{"line":41,"column":6},"end":{"line":44,"column":null}},"22":{"start":{"line":42,"column":8},"end":{"line":42,"column":null}},"23":{"start":{"line":43,"column":8},"end":{"line":43,"column":null}},"24":{"start":{"line":45,"column":6},"end":{"line":48,"column":null}},"25":{"start":{"line":46,"column":8},"end":{"line":46,"column":null}},"26":{"start":{"line":47,"column":8},"end":{"line":47,"column":null}},"27":{"start":{"line":50,"column":6},"end":{"line":50,"column":null}},"28":{"start":{"line":54,"column":2},"end":{"line":175,"column":null}},"29":{"start":{"line":107,"column":31},"end":{"line":107,"column":null}},"30":{"start":{"line":123,"column":29},"end":{"line":123,"column":null}},"31":{"start":{"line":139,"column":29},"end":{"line":139,"column":null}},"32":{"start":{"line":157,"column":14},"end":{"line":157,"column":null}},"33":{"start":{"line":158,"column":14},"end":{"line":158,"column":null}}},"fnMap":{"0":{"name":"AuthScreen","decl":{"start":{"line":5,"column":24},"end":{"line":5,"column":37}},"loc":{"start":{"line":5,"column":37},"end":{"line":177,"column":null}},"line":5},"1":{"name":"(anonymous_1)","decl":{"start":{"line":14,"column":8},"end":{"line":14,"column":24}},"loc":{"start":{"line":14,"column":47},"end":{"line":52,"column":null}},"line":14},"2":{"name":"(anonymous_2)","decl":{"start":{"line":107,"column":16},"end":{"line":107,"column":26}},"loc":{"start":{"line":107,"column":31},"end":{"line":107,"column":null}},"line":107},"3":{"name":"(anonymous_3)","decl":{"start":{"line":123,"column":14},"end":{"line":123,"column":24}},"loc":{"start":{"line":123,"column":29},"end":{"line":123,"column":null}},"line":123},"4":{"name":"(anonymous_4)","decl":{"start":{"line":139,"column":14},"end":{"line":139,"column":24}},"loc":{"start":{"line":139,"column":29},"end":{"line":139,"column":null}},"line":139},"5":{"name":"(anonymous_5)","decl":{"start":{"line":156,"column":12},"end":{"line":156,"column":27}},"loc":{"start":{"line":156,"column":27},"end":{"line":159,"column":null}},"line":156}},"branchMap":{"0":{"loc":{"start":{"line":18,"column":26},"end":{"line":18,"column":75}},"type":"binary-expr","locations":[{"start":{"line":18,"column":26},"end":{"line":18,"column":71}},{"start":{"line":18,"column":71},"end":{"line":18,"column":75}}],"line":18},"1":{"loc":{"start":{"line":20,"column":4},"end":{"line":51,"column":null}},"type":"if","locations":[{"start":{"line":20,"column":4},"end":{"line":51,"column":null}},{"start":{"line":38,"column":11},"end":{"line":51,"column":null}}],"line":20},"2":{"loc":{"start":{"line":21,"column":6},"end":{"line":24,"column":null}},"type":"if","locations":[{"start":{"line":21,"column":6},"end":{"line":24,"column":null}},{"start":{},"end":{}}],"line":21},"3":{"loc":{"start":{"line":25,"column":6},"end":{"line":28,"column":null}},"type":"if","locations":[{"start":{"line":25,"column":6},"end":{"line":28,"column":null}},{"start":{},"end":{}}],"line":25},"4":{"loc":{"start":{"line":41,"column":6},"end":{"line":44,"column":null}},"type":"if","locations":[{"start":{"line":41,"column":6},"end":{"line":44,"column":null}},{"start":{},"end":{}}],"line":41},"5":{"loc":{"start":{"line":41,"column":10},"end":{"line":41,"column":59}},"type":"binary-expr","locations":[{"start":{"line":41,"column":10},"end":{"line":41,"column":25}},{"start":{"line":41,"column":25},"end":{"line":41,"column":59}}],"line":41},"6":{"loc":{"start":{"line":45,"column":6},"end":{"line":48,"column":null}},"type":"if","locations":[{"start":{"line":45,"column":6},"end":{"line":48,"column":null}},{"start":{},"end":{}}],"line":45},"7":{"loc":{"start":{"line":82,"column":13},"end":{"line":82,"column":null}},"type":"cond-expr","locations":[{"start":{"line":82,"column":35},"end":{"line":82,"column":53}},{"start":{"line":82,"column":53},"end":{"line":82,"column":null}}],"line":82},"8":{"loc":{"start":{"line":85,"column":13},"end":{"line":87,"column":null}},"type":"cond-expr","locations":[{"start":{"line":86,"column":16},"end":{"line":86,"column":null}},{"start":{"line":87,"column":16},"end":{"line":87,"column":null}}],"line":85},"9":{"loc":{"start":{"line":92,"column":11},"end":{"line":95,"column":null}},"type":"binary-expr","locations":[{"start":{"line":92,"column":11},"end":{"line":92,"column":null}},{"start":{"line":93,"column":12},"end":{"line":95,"column":null}}],"line":92},"10":{"loc":{"start":{"line":98,"column":11},"end":{"line":112,"column":null}},"type":"binary-expr","locations":[{"start":{"line":98,"column":11},"end":{"line":98,"column":null}},{"start":{"line":99,"column":12},"end":{"line":112,"column":null}}],"line":98},"11":{"loc":{"start":{"line":150,"column":13},"end":{"line":150,"column":64}},"type":"cond-expr","locations":[{"start":{"line":150,"column":35},"end":{"line":150,"column":54}},{"start":{"line":150,"column":54},"end":{"line":150,"column":64}}],"line":150},"12":{"loc":{"start":{"line":157,"column":22},"end":{"line":157,"column":64}},"type":"cond-expr","locations":[{"start":{"line":157,"column":44},"end":{"line":157,"column":54}},{"start":{"line":157,"column":54},"end":{"line":157,"column":64}}],"line":157},"13":{"loc":{"start":{"line":162,"column":13},"end":{"line":164,"column":null}},"type":"cond-expr","locations":[{"start":{"line":163,"column":16},"end":{"line":163,"column":null}},{"start":{"line":164,"column":16},"end":{"line":164,"column":null}}],"line":162}},"s":{"0":6,"1":6,"2":6,"3":6,"4":6,"5":6,"6":6,"7":1,"8":1,"9":1,"10":1,"11":1,"12":0,"13":0,"14":1,"15":0,"16":0,"17":1,"18":1,"19":1,"20":0,"21":0,"22":0,"23":0,"24":0,"25":0,"26":0,"27":0,"28":6,"29":1,"30":1,"31":1,"32":0,"33":0},"f":{"0":6,"1":1,"2":1,"3":1,"4":1,"5":0},"b":{"0":[1,1],"1":[1,0],"2":[0,1],"3":[0,1],"4":[0,0],"5":[0,0],"6":[0,0],"7":[6,0],"8":[6,0],"9":[6,0],"10":[6,6],"11":[6,0],"12":[0,0],"13":[6,0]},"meta":{"lastBranch":14,"lastFunction":6,"lastStatement":34,"seen":{"f:5:24:5:37":0,"s:6:15:6:Infinity":0,"s:7:15:7:Infinity":1,"s:8:16:8:Infinity":2,"s:9:19:9:Infinity":3,"s:10:16:10:Infinity":4,"s:12:10:12:Infinity":5,"s:14:8:52:Infinity":6,"f:14:8:14:24":1,"s:15:4:15:Infinity":7,"s:16:4:16:Infinity":8,"s:18:15:18:Infinity":9,"b:18:26:18:71:18:71:18:75":0,"b:20:4:51:Infinity:38:11:51:Infinity":1,"s:20:4:51:Infinity":10,"b:21:6:24:Infinity:undefined:undefined:undefined:undefined":2,"s:21:6:24:Infinity":11,"s:22:8:22:Infinity":12,"s:23:8:23:Infinity":13,"b:25:6:28:Infinity:undefined:undefined:undefined:undefined":3,"s:25:6:28:Infinity":14,"s:26:8:26:Infinity":15,"s:27:8:27:Infinity":16,"s:30:6:30:Infinity":17,"s:31:6:31:Infinity":18,"s:33:6:36:Infinity":19,"s:40:25:40:Infinity":20,"b:41:6:44:Infinity:undefined:undefined:undefined:undefined":4,"s:41:6:44:Infinity":21,"b:41:10:41:25:41:25:41:59":5,"s:42:8:42:Infinity":22,"s:43:8:43:Infinity":23,"b:45:6:48:Infinity:undefined:undefined:undefined:undefined":6,"s:45:6:48:Infinity":24,"s:46:8:46:Infinity":25,"s:47:8:47:Infinity":26,"s:50:6:50:Infinity":27,"s:54:2:175:Infinity":28,"b:82:35:82:53:82:53:82:Infinity":7,"b:86:16:86:Infinity:87:16:87:Infinity":8,"b:92:11:92:Infinity:93:12:95:Infinity":9,"b:98:11:98:Infinity:99:12:112:Infinity":10,"f:107:16:107:26":2,"s:107:31:107:Infinity":29,"f:123:14:123:24":3,"s:123:29:123:Infinity":30,"f:139:14:139:24":4,"s:139:29:139:Infinity":31,"b:150:35:150:54:150:54:150:64":11,"f:156:12:156:27":5,"s:157:14:157:Infinity":32,"b:157:44:157:54:157:54:157:64":12,"s:158:14:158:Infinity":33,"b:163:16:163:Infinity:164:16:164:Infinity":13},"fnNames":{}}}
,"C:\\Users\\mohan\\OneDrive\\Attachments\\Desktop\\claude\\carbon-footprint-platform\\src\\components\\CO2Counter.tsx": {"path":"C:\\Users\\mohan\\OneDrive\\Attachments\\Desktop\\claude\\carbon-footprint-platform\\src\\components\\CO2Counter.tsx","statementMap":{"0":{"start":{"line":4,"column":22},"end":{"line":4,"column":null}},"1":{"start":{"line":7,"column":2},"end":{"line":7,"column":null}},"2":{"start":{"line":11,"column":8},"end":{"line":11,"column":null}},"3":{"start":{"line":12,"column":14},"end":{"line":12,"column":null}},"4":{"start":{"line":13,"column":18},"end":{"line":13,"column":null}},"5":{"start":{"line":15,"column":2},"end":{"line":22,"column":null}},"6":{"start":{"line":16,"column":4},"end":{"line":16,"column":null}},"7":{"start":{"line":17,"column":21},"end":{"line":20,"column":null}},"8":{"start":{"line":18,"column":12},"end":{"line":18,"column":null}},"9":{"start":{"line":19,"column":6},"end":{"line":19,"column":null}},"10":{"start":{"line":21,"column":4},"end":{"line":21,"column":null}},"11":{"start":{"line":21,"column":17},"end":{"line":21,"column":null}},"12":{"start":{"line":24,"column":2},"end":{"line":56,"column":null}}},"fnMap":{"0":{"name":"formatNum","decl":{"start":{"line":6,"column":9},"end":{"line":6,"column":19}},"loc":{"start":{"line":6,"column":30},"end":{"line":8,"column":null}},"line":6},"1":{"name":"CO2Counter","decl":{"start":{"line":10,"column":24},"end":{"line":10,"column":37}},"loc":{"start":{"line":10,"column":37},"end":{"line":58,"column":null}},"line":10},"2":{"name":"(anonymous_2)","decl":{"start":{"line":15,"column":2},"end":{"line":15,"column":18}},"loc":{"start":{"line":15,"column":18},"end":{"line":22,"column":5}},"line":15},"3":{"name":"(anonymous_3)","decl":{"start":{"line":17,"column":21},"end":{"line":17,"column":39}},"loc":{"start":{"line":17,"column":39},"end":{"line":20,"column":7}},"line":17},"4":{"name":"(anonymous_4)","decl":{"start":{"line":21,"column":4},"end":{"line":21,"column":17}},"loc":{"start":{"line":21,"column":17},"end":{"line":21,"column":null}},"line":21}},"branchMap":{"0":{"loc":{"start":{"line":45,"column":15},"end":{"line":45,"column":null}},"type":"cond-expr","locations":[{"start":{"line":45,"column":25},"end":{"line":45,"column":42}},{"start":{"line":45,"column":42},"end":{"line":45,"column":null}}],"line":45}},"s":{"0":2,"1":4,"2":6,"3":6,"4":6,"5":6,"6":2,"7":2,"8":0,"9":0,"10":2,"11":2,"12":6},"f":{"0":4,"1":6,"2":2,"3":0,"4":2},"b":{"0":[4,2]},"meta":{"lastBranch":1,"lastFunction":5,"lastStatement":13,"seen":{"s:4:22:4:Infinity":0,"f:6:9:6:19":0,"s:7:2:7:Infinity":1,"f:10:24:10:37":1,"s:11:8:11:Infinity":2,"s:12:14:12:Infinity":3,"s:13:18:13:Infinity":4,"s:15:2:22:Infinity":5,"f:15:2:15:18":2,"s:16:4:16:Infinity":6,"s:17:21:20:Infinity":7,"f:17:21:17:39":3,"s:18:12:18:Infinity":8,"s:19:6:19:Infinity":9,"s:21:4:21:Infinity":10,"f:21:4:21:17":4,"s:21:17:21:Infinity":11,"s:24:2:56:Infinity":12,"b:45:25:45:42:45:42:45:Infinity":0},"fnNames":{}}}
,"C:\\Users\\mohan\\OneDrive\\Attachments\\Desktop\\claude\\carbon-footprint-platform\\src\\components\\Calculator.tsx": {"path":"C:\\Users\\mohan\\OneDrive\\Attachments\\Desktop\\claude\\carbon-footprint-platform\\src\\components\\Calculator.tsx","statementMap":{"0":{"start":{"line":8,"column":14},"end":{"line":8,"column":null}},"1":{"start":{"line":10,"column":85},"end":{"line":16,"column":null}},"2":{"start":{"line":18,"column":85},"end":{"line":24,"column":null}},"3":{"start":{"line":26,"column":81},"end":{"line":30,"column":null}},"4":{"start":{"line":32,"column":79},"end":{"line":36,"column":null}},"5":{"start":{"line":38,"column":26},"end":{"line":44,"column":null}},"6":{"start":{"line":46,"column":40},"end":{"line":52,"column":null}},"7":{"start":{"line":58,"column":13},"end":{"line":58,"column":null}},"8":{"start":{"line":59,"column":2},"end":{"line":74,"column":null}},"9":{"start":{"line":68,"column":23},"end":{"line":68,"column":null}},"10":{"start":{"line":81,"column":2},"end":{"line":93,"column":null}},"11":{"start":{"line":85,"column":31},"end":{"line":85,"column":null}},"12":{"start":{"line":89,"column":31},"end":{"line":89,"column":null}},"13":{"start":{"line":100,"column":10},"end":{"line":100,"column":null}},"14":{"start":{"line":101,"column":15},"end":{"line":101,"column":null}},"15":{"start":{"line":102,"column":19},"end":{"line":102,"column":null}},"16":{"start":{"line":104,"column":8},"end":{"line":109,"column":null}},"17":{"start":{"line":105,"column":4},"end":{"line":108,"column":null}},"18":{"start":{"line":105,"column":25},"end":{"line":108,"column":6}},"19":{"start":{"line":111,"column":8},"end":{"line":111,"column":null}},"20":{"start":{"line":111,"column":20},"end":{"line":111,"column":64}},"21":{"start":{"line":112,"column":8},"end":{"line":112,"column":null}},"22":{"start":{"line":112,"column":16},"end":{"line":112,"column":69}},"23":{"start":{"line":113,"column":8},"end":{"line":113,"column":null}},"24":{"start":{"line":113,"column":16},"end":{"line":113,"column":52}},"25":{"start":{"line":115,"column":8},"end":{"line":120,"column":null}},"26":{"start":{"line":116,"column":4},"end":{"line":116,"column":null}},"27":{"start":{"line":117,"column":4},"end":{"line":117,"column":null}},"28":{"start":{"line":118,"column":4},"end":{"line":118,"column":null}},"29":{"start":{"line":119,"column":4},"end":{"line":119,"column":null}},"30":{"start":{"line":122,"column":8},"end":{"line":149,"column":null}},"31":{"start":{"line":123,"column":4},"end":{"line":149,"column":null}},"32":{"start":{"line":125,"column":8},"end":{"line":147,"column":null}},"33":{"start":{"line":130,"column":27},"end":{"line":130,"column":null}},"34":{"start":{"line":152,"column":8},"end":{"line":167,"column":null}},"35":{"start":{"line":152,"column":39},"end":{"line":167,"column":33}},"36":{"start":{"line":153,"column":35},"end":{"line":159,"column":6}},"37":{"start":{"line":167,"column":19},"end":{"line":167,"column":30}},"38":{"start":{"line":169,"column":2},"end":{"line":512,"column":null}},"39":{"start":{"line":199,"column":16},"end":{"line":216,"column":null}},"40":{"start":{"line":202,"column":33},"end":{"line":202,"column":null}},"41":{"start":{"line":223,"column":29},"end":{"line":223,"column":70}},"42":{"start":{"line":227,"column":27},"end":{"line":227,"column":78}},"43":{"start":{"line":230,"column":27},"end":{"line":230,"column":69}},"44":{"start":{"line":240,"column":27},"end":{"line":240,"column":70}},"45":{"start":{"line":243,"column":27},"end":{"line":243,"column":62}},"46":{"start":{"line":250,"column":29},"end":{"line":250,"column":null}},"47":{"start":{"line":258,"column":16},"end":{"line":270,"column":null}},"48":{"start":{"line":261,"column":33},"end":{"line":261,"column":null}},"49":{"start":{"line":285,"column":16},"end":{"line":301,"column":null}},"50":{"start":{"line":288,"column":33},"end":{"line":288,"column":null}},"51":{"start":{"line":309,"column":16},"end":{"line":321,"column":null}},"52":{"start":{"line":312,"column":33},"end":{"line":312,"column":null}},"53":{"start":{"line":327,"column":27},"end":{"line":327,"column":67}},"54":{"start":{"line":339,"column":16},"end":{"line":354,"column":null}},"55":{"start":{"line":342,"column":33},"end":{"line":342,"column":null}},"56":{"start":{"line":359,"column":27},"end":{"line":359,"column":71}},"57":{"start":{"line":361,"column":27},"end":{"line":361,"column":69}},"58":{"start":{"line":375,"column":14},"end":{"line":387,"column":null}},"59":{"start":{"line":384,"column":33},"end":{"line":384,"column":null}},"60":{"start":{"line":438,"column":14},"end":{"line":448,"column":null}},"61":{"start":{"line":460,"column":30},"end":{"line":460,"column":null}},"62":{"start":{"line":461,"column":31},"end":{"line":461,"column":null}},"63":{"start":{"line":462,"column":16},"end":{"line":477,"column":null}},"64":{"start":{"line":498,"column":29},"end":{"line":498,"column":null}},"65":{"start":{"line":498,"column":42},"end":{"line":498,"column":47}},"66":{"start":{"line":505,"column":27},"end":{"line":505,"column":null}},"67":{"start":{"line":505,"column":40},"end":{"line":505,"column":45}}},"fnMap":{"0":{"name":"SliderField","decl":{"start":{"line":54,"column":9},"end":{"line":54,"column":21}},"loc":{"start":{"line":57,"column":3},"end":{"line":76,"column":null}},"line":57},"1":{"name":"(anonymous_1)","decl":{"start":{"line":68,"column":8},"end":{"line":68,"column":18}},"loc":{"start":{"line":68,"column":23},"end":{"line":68,"column":null}},"line":68},"2":{"name":"CounterField","decl":{"start":{"line":78,"column":9},"end":{"line":78,"column":22}},"loc":{"start":{"line":80,"column":3},"end":{"line":95,"column":null}},"line":80},"3":{"name":"(anonymous_3)","decl":{"start":{"line":85,"column":16},"end":{"line":85,"column":31}},"loc":{"start":{"line":85,"column":31},"end":{"line":85,"column":null}},"line":85},"4":{"name":"(anonymous_4)","decl":{"start":{"line":89,"column":16},"end":{"line":89,"column":31}},"loc":{"start":{"line":89,"column":31},"end":{"line":89,"column":null}},"line":89},"5":{"name":"Calculator","decl":{"start":{"line":99,"column":24},"end":{"line":99,"column":35}},"loc":{"start":{"line":99,"column":58},"end":{"line":514,"column":null}},"line":99},"6":{"name":"(anonymous_6)","decl":{"start":{"line":104,"column":8},"end":{"line":104,"column":47}},"loc":{"start":{"line":104,"column":108},"end":{"line":109,"column":null}},"line":104},"7":{"name":"(anonymous_7)","decl":{"start":{"line":105,"column":4},"end":{"line":105,"column":16}},"loc":{"start":{"line":105,"column":25},"end":{"line":108,"column":6}},"line":105},"8":{"name":"(anonymous_8)","decl":{"start":{"line":111,"column":20},"end":{"line":111,"column":34}},"loc":{"start":{"line":111,"column":20},"end":{"line":111,"column":64}},"line":111},"9":{"name":"(anonymous_9)","decl":{"start":{"line":112,"column":16},"end":{"line":112,"column":30}},"loc":{"start":{"line":112,"column":16},"end":{"line":112,"column":69}},"line":112},"10":{"name":"(anonymous_10)","decl":{"start":{"line":113,"column":16},"end":{"line":113,"column":30}},"loc":{"start":{"line":113,"column":16},"end":{"line":113,"column":52}},"line":113},"11":{"name":"(anonymous_11)","decl":{"start":{"line":115,"column":8},"end":{"line":115,"column":29}},"loc":{"start":{"line":115,"column":29},"end":{"line":120,"column":null}},"line":115},"12":{"name":"(anonymous_12)","decl":{"start":{"line":122,"column":8},"end":{"line":122,"column":null}},"loc":{"start":{"line":123,"column":4},"end":{"line":149,"column":null}},"line":123},"13":{"name":"(anonymous_13)","decl":{"start":{"line":124,"column":13},"end":{"line":124,"column":18}},"loc":{"start":{"line":125,"column":8},"end":{"line":147,"column":null}},"line":125},"14":{"name":"(anonymous_14)","decl":{"start":{"line":130,"column":12},"end":{"line":130,"column":27}},"loc":{"start":{"line":130,"column":27},"end":{"line":130,"column":null}},"line":130},"15":{"name":"(anonymous_15)","decl":{"start":{"line":152,"column":25},"end":{"line":152,"column":39}},"loc":{"start":{"line":152,"column":39},"end":{"line":167,"column":33}},"line":152},"16":{"name":"(anonymous_16)","decl":{"start":{"line":153,"column":25},"end":{"line":153,"column":29}},"loc":{"start":{"line":153,"column":35},"end":{"line":159,"column":6}},"line":153},"17":{"name":"(anonymous_17)","decl":{"start":{"line":167,"column":4},"end":{"line":167,"column":10}},"loc":{"start":{"line":167,"column":19},"end":{"line":167,"column":30}},"line":167},"18":{"name":"(anonymous_18)","decl":{"start":{"line":198,"column":25},"end":{"line":198,"column":29}},"loc":{"start":{"line":199,"column":16},"end":{"line":216,"column":null}},"line":199},"19":{"name":"(anonymous_19)","decl":{"start":{"line":202,"column":18},"end":{"line":202,"column":33}},"loc":{"start":{"line":202,"column":33},"end":{"line":202,"column":null}},"line":202},"20":{"name":"(anonymous_20)","decl":{"start":{"line":223,"column":14},"end":{"line":223,"column":24}},"loc":{"start":{"line":223,"column":29},"end":{"line":223,"column":70}},"line":223},"21":{"name":"(anonymous_21)","decl":{"start":{"line":227,"column":12},"end":{"line":227,"column":22}},"loc":{"start":{"line":227,"column":27},"end":{"line":227,"column":78}},"line":227},"22":{"name":"(anonymous_22)","decl":{"start":{"line":230,"column":12},"end":{"line":230,"column":22}},"loc":{"start":{"line":230,"column":27},"end":{"line":230,"column":69}},"line":230},"23":{"name":"(anonymous_23)","decl":{"start":{"line":240,"column":12},"end":{"line":240,"column":22}},"loc":{"start":{"line":240,"column":27},"end":{"line":240,"column":70}},"line":240},"24":{"name":"(anonymous_24)","decl":{"start":{"line":243,"column":12},"end":{"line":243,"column":22}},"loc":{"start":{"line":243,"column":27},"end":{"line":243,"column":62}},"line":243},"25":{"name":"(anonymous_25)","decl":{"start":{"line":250,"column":14},"end":{"line":250,"column":24}},"loc":{"start":{"line":250,"column":29},"end":{"line":250,"column":null}},"line":250},"26":{"name":"(anonymous_26)","decl":{"start":{"line":257,"column":34},"end":{"line":257,"column":38}},"loc":{"start":{"line":258,"column":16},"end":{"line":270,"column":null}},"line":258},"27":{"name":"(anonymous_27)","decl":{"start":{"line":261,"column":18},"end":{"line":261,"column":33}},"loc":{"start":{"line":261,"column":33},"end":{"line":261,"column":null}},"line":261},"28":{"name":"(anonymous_28)","decl":{"start":{"line":284,"column":26},"end":{"line":284,"column":30}},"loc":{"start":{"line":285,"column":16},"end":{"line":301,"column":null}},"line":285},"29":{"name":"(anonymous_29)","decl":{"start":{"line":288,"column":18},"end":{"line":288,"column":33}},"loc":{"start":{"line":288,"column":33},"end":{"line":288,"column":null}},"line":288},"30":{"name":"(anonymous_30)","decl":{"start":{"line":308,"column":28},"end":{"line":308,"column":32}},"loc":{"start":{"line":309,"column":16},"end":{"line":321,"column":null}},"line":309},"31":{"name":"(anonymous_31)","decl":{"start":{"line":312,"column":18},"end":{"line":312,"column":33}},"loc":{"start":{"line":312,"column":33},"end":{"line":312,"column":null}},"line":312},"32":{"name":"(anonymous_32)","decl":{"start":{"line":327,"column":12},"end":{"line":327,"column":22}},"loc":{"start":{"line":327,"column":27},"end":{"line":327,"column":67}},"line":327},"33":{"name":"(anonymous_33)","decl":{"start":{"line":338,"column":31},"end":{"line":338,"column":35}},"loc":{"start":{"line":339,"column":16},"end":{"line":354,"column":null}},"line":339},"34":{"name":"(anonymous_34)","decl":{"start":{"line":342,"column":18},"end":{"line":342,"column":33}},"loc":{"start":{"line":342,"column":33},"end":{"line":342,"column":null}},"line":342},"35":{"name":"(anonymous_35)","decl":{"start":{"line":359,"column":12},"end":{"line":359,"column":22}},"loc":{"start":{"line":359,"column":27},"end":{"line":359,"column":71}},"line":359},"36":{"name":"(anonymous_36)","decl":{"start":{"line":361,"column":12},"end":{"line":361,"column":22}},"loc":{"start":{"line":361,"column":27},"end":{"line":361,"column":69}},"line":361},"37":{"name":"(anonymous_37)","decl":{"start":{"line":374,"column":14},"end":{"line":374,"column":18}},"loc":{"start":{"line":375,"column":14},"end":{"line":387,"column":null}},"line":375},"38":{"name":"(anonymous_38)","decl":{"start":{"line":384,"column":18},"end":{"line":384,"column":28}},"loc":{"start":{"line":384,"column":33},"end":{"line":384,"column":null}},"line":384},"39":{"name":"(anonymous_39)","decl":{"start":{"line":437,"column":14},"end":{"line":437,"column":18}},"loc":{"start":{"line":438,"column":14},"end":{"line":448,"column":null}},"line":438},"40":{"name":"(anonymous_40)","decl":{"start":{"line":459,"column":30},"end":{"line":459,"column":35}},"loc":{"start":{"line":459,"column":46},"end":{"line":479,"column":15}},"line
[...]
unction":27,"lastStatement":147,"seen":{"s:9:20:9:Infinity":0,"s:10:15:10:Infinity":1,"s:12:41:18:Infinity":2,"s:20:45:22:Infinity":3,"s:24:31:53:Infinity":4,"f:44:27:44:31":0,"s:44:37:44:46":5,"f:45:37:45:41":1,"s:45:47:45:56":6,"f:55:9:55:Infinity":2,"s:62:2:62:Infinity":7,"f:65:9:65:17":3,"b:67:4:68:Infinity:70:4:71:Infinity:73:4:74:Infinity:76:4:95:Infinity:97:4:158:Infinity:160:4:167:Infinity:169:4:178:Infinity:180:4:195:Infinity:197:4:203:Infinity:205:4:236:Infinity:238:4:239:Infinity:241:4:242:Infinity:244:4:245:Infinity:247:4:248:Infinity:250:4:254:Infinity:256:4:257:Infinity:259:4:260:Infinity":0,"s:66:2:261:Infinity":8,"s:68:6:68:Infinity":9,"s:71:6:71:Infinity":10,"s:74:6:74:Infinity":11,"s:77:38:77:Infinity":12,"s:78:12:78:Infinity":13,"s:79:12:79:Infinity":14,"s:80:25:80:Infinity":15,"s:81:6:94:Infinity":16,"s:98:23:98:Infinity":17,"s:99:20:99:Infinity":18,"s:100:22:100:Infinity":19,"b:100:47:100:97:100:97:100:Infinity":1,"s:101:24:101:Infinity":20,"s:102:23:102:Infinity":21,"s:103:24:107:Infinity":22,"b:104:10:104:Infinity:105:10:107:Infinity":2,"b:106:12:106:Infinity:107:12:107:Infinity":3,"s:109:24:109:Infinity":23,"b:109:24:109:35:109:35:109:56:109:56:109:Infinity":4,"s:110:24:110:Infinity":24,"s:111:32:111:Infinity":25,"b:111:57:111:77:111:77:111:Infinity":5,"b:111:32:111:45:111:45:111:57":6,"s:112:27:112:Infinity":26,"b:112:52:112:83:112:83:112:Infinity":7,"b:112:27:112:40:112:40:112:52":8,"s:114:25:114:Infinity":27,"b:114:55:114:110:114:110:114:Infinity":9,"s:115:27:115:Infinity":28,"b:115:27:115:39:115:39:115:64:115:64:115:95:115:95:115:Infinity":10,"s:116:25:116:Infinity":29,"b:116:40:116:59:116:59:116:Infinity":11,"s:118:28:123:Infinity":30,"s:125:27:127:Infinity":31,"b:126:10:126:Infinity:127:10:127:Infinity":12,"b:125:27:125:39:125:39:125:Infinity":13,"s:129:26:131:Infinity":32,"b:130:10:130:Infinity:131:10:131:Infinity":14,"b:130:102:130:108:130:108:130:111":15,"s:133:24:138:Infinity":33,"b:136:26:136:42:136:42:136:Infinity":16,"b:137:26:137:42:137:42:137:Infinity":17,"s:140:6:157:Infinity":34,"b:150:43:150:70:150:70:150:Infinity":18,"s:161:22:163:Infinity":35,"f:161:36:161:40":4,"s:162:8:162:Infinity":36,"b:162:34:162:70:162:70:162:Infinity":19,"s:164:24:164:Infinity":37,"f:164:32:164:39":5,"s:164:44:164:55":38,"s:165:25:165:Infinity":39,"f:165:35:165:43":6,"s:165:54:165:79":40,"s:166:6:166:Infinity":41,"s:170:18:170:Infinity":42,"s:171:6:177:Infinity":43,"f:173:31:173:35":7,"s:174:10:174:Infinity":44,"b:174:36:174:84:174:84:174:Infinity":20,"s:181:23:181:Infinity":45,"s:182:26:182:Infinity":46,"s:183:26:188:Infinity":47,"s:189:6:194:Infinity":48,"s:198:17:198:Infinity":49,"s:199:20:201:Infinity":50,"b:200:10:200:Infinity:201:10:201:Infinity":21,"f:200:30:200:37":8,"s:200:42:200:50":51,"s:202:6:202:Infinity":52,"s:207:21:207:Infinity":53,"f:207:40:207:45":9,"s:207:50:207:73":54,"b:208:6:208:Infinity:undefined:undefined:undefined:undefined":22,"s:208:6:208:Infinity":55,"b:208:10:208:21:208:21:208:38":23,"s:208:38:208:Infinity":56,"s:210:18:210:Infinity":57,"s:211:27:213:Infinity":58,"f:211:46:211:50":10,"s:212:8:212:Infinity":59,"b:212:34:212:80:212:80:212:Infinity":24,"s:215:51:217:Infinity":60,"s:219:23:225:Infinity":61,"s:227:26:227:Infinity":62,"b:227:26:227:59:227:59:227:Infinity":25,"s:229:6:235:Infinity":63,"b:234:36:234:43:234:43:234:Infinity":26,"s:239:6:239:Infinity":64,"s:242:6:242:Infinity":65,"f:242:46:242:53":11,"s:242:58:242:81":66,"s:245:6:245:Infinity":67,"s:248:6:248:Infinity":68,"s:251:6:254:Infinity":69,"s:257:6:257:Infinity":70,"s:260:6:260:Infinity":71,"f:264:9:264:31":12,"s:265:2:297:Infinity":72,"s:266:16:266:Infinity":73,"b:267:4:267:Infinity:undefined:undefined:undefined:undefined":27,"s:267:4:267:Infinity":74,"s:267:14:267:Infinity":75,"s:268:18:268:Infinity":76,"b:269:4:269:Infinity:undefined:undefined:undefined:undefined":28,"s:269:4:269:Infinity":77,"b:269:8:269:37:269:37:269:55:269:55:269:77":29,"s:269:77:269:Infinity":78,"s:271:22:271:Infinity":79,"b:271:79:271:100:271:100:271:Infinity":30,"b:271:22:271:56:271:56:271:79":31,"s:273:4:294:Infinity":80,"b:283:23:283:50:283:50:283:Infinity":32,"b:284:26:284:56:284:56:284:Infinity":33,"f:286:36:286:40":13,"s:287:29:287:Infinity":81,"f:287:44:287:49":14,"s:287:54:287:79":82,"s:288:8:288:Infinity":83,"b:288:30:288:70:288:70:288:Infinity":34,"f:290:46:290:50":15,"s:291:26:291:Infinity":84,"f:291:46:291:51":16,"s:291:56:291:78":85,"s:292:8:292:Infinity":86,"b:292:27:292:61:292:61:292:Infinity":35,"s:296:4:296:Infinity":87,"s:309:6:309:Infinity":88,"f:315:16:315:28":17,"s:316:16:316:Infinity":89,"s:317:8:317:Infinity":90,"s:318:8:318:Infinity":91,"s:320:2:341:Infinity":92,"f:320:2:320:18":18,"s:321:4:340:Infinity":93,"s:322:83:322:Infinity":94,"s:324:6:324:Infinity":95,"b:326:6:337:Infinity:undefined:undefined:undefined:undefined":36,"s:326:6:337:Infinity":96,"b:326:10:326:40:326:40:326:58":37,"s:327:22:327:Infinity":97,"s:328:19:328:Infinity":98,"b:328:27:328:47:328:47:328:Infinity":38,"b:330:8:335:Infinity:332:15:335:Infinity":39,"s:330:8:335:Infinity":99,"s:331:10:331:Infinity":100,"s:334:10:334:Infinity":101,"s:336:8:336:Infinity":102,"s:343:2:365:Infinity":103,"f:343:2:343:18":19,"s:344:26:344:Infinity":104,"s:345:23:345:Infinity":105,"s:346:19:346:Infinity":106,"s:347:4:349:Infinity":107,"s:347:17:347:40":108,"b:348:6:348:Infinity:undefined:undefined:undefined:undefined":40,"s:348:6:348:Infinity":109,"s:348:33:348:47":110,"s:348:47:348:54":111,"b:350:4:363:Infinity:undefined:undefined:undefined:undefined":41,"s:350:4:363:Infinity":112,"s:351:24:351:Infinity":113,"s:352:6:352:Infinity":114,"b:353:6:361:Infinity:undefined:undefined:undefined:undefined":42,"s:353:6:361:Infinity":115,"s:355:8:358:Infinity":116,"s:359:8:359:Infinity":117,"s:360:8:360:Infinity":118,"f:360:8:360:25":20,"s:360:25:360:87":119,"s:362:6:362:Infinity":120,"s:364:4:364:Infinity":121,"s:367:2:386:Infinity":122,"f:367:2:367:18":21,"s:368:56:368:Infinity":123,"s:369:10:369:Infinity":124,"f:369:10:369:24":22,"s:369:39:369:Infinity":125,"b:369:39:369:88:369:88:369:Infinity":43,"f:369:52:369:57":23,"s:369:62:369:73":126,"b:371:4:372:Infinity:undefined:undefined:undefined:undefined":44,"s:371:4:372:Infinity":127,"b:371:8:371:28:371:28:371:Infinity":45,"s:372:6:372:Infinity":128,"b:373:4:374:Infinity:undefined:undefined:undefined:undefined":46,"s:373:4:374:Infinity":129,"b:373:8:373:28:373:28:373:Infinity":47,"s:374:6:374:Infinity":130,"b:375:4:376:Infinity:undefined:undefined:undefined:undefined":48,"s:375:4:376:Infinity":131,"b:375:8:375:29:375:29:375:Infinity":49,"s:376:6:376:Infinity":132,"b:378:4:379:Infinity:undefined:undefined:undefined:undefined":50,"s:378:4:379:Infinity":133,"b:378:8:378:35:378:35:378:Infinity":51,"s:379:6:379:Infinity":134,"b:380:4:381:Infinity:undefined:undefined:undefined:undefined":52,"s:380:4:381:Infinity":135,"b:380:8:380:35:380:35:380:Infinity":53,"s:381:6:381:Infinity":136,"s:383:29:383:Infinity":137,"f:383:37:383:44":24,"s:383:49:383:60":138,"f:383:62:383:70":25,"s:383:79:383:102":139,"b:384:4:385:Infinity:undefined:undefined:undefined:undefined":54,"s:384:4:385:Infinity":140,"b:384:8:384:36:384:36:384:Infinity":55,"s:385:6:385:Infinity":141,"s:388:2:388:Infinity":142,"f:396:16:396:25":26,"s:397:8:397:Infinity":143,"b:398:2:398:Infinity:undefined:undefined:undefined:undefined":56,"s:398:2:398:Infinity":144,"s:398:12:398:Infinity":145,"s:399:2:399:Infinity":146},"fnNames":{}}}
,"C:\\Users\\mohan\\OneDrive\\Attachments\\Desktop\\claude\\carbon-footprint-platform\\src\\data\\emissionData.ts": {"path":"C:\\Users\\mohan\\OneDrive\\Attachments\\Desktop\\claude\\carbon-footprint-platform\\src\\data\\emissionData.ts","statementMap":{"0":{"start":{"line":6,"column":51},"end":{"line":12,"column":null}},"1":{"start":{"line":14,"column":53},"end":{"line":20,"column":null}},"2":{"start":{"line":22,"column":56},"end":{"line":26,"column":null}},"3":{"start":{"line":28,"column":56},"end":{"line":32,"column":null}},"4":{"start":{"line":35,"column":16},"end":{"line":35,"column":null}},"5":{"start":{"line":36,"column":20},"end":{"line":36,"column":null}},"6":{"start":{"line":37,"column":20},"end":{"line":37,"column":null}},"7":{"start":{"line":39,"column":21},"end":{"line":39,"column":null}},"8":{"start":{"line":40,"column":18},"end":{"line":40,"column":null}},"9":{"start":{"line":41,"column":17},"end":{"line":41,"column":null}},"10":{"start":{"line":42,"column":15},"end":{"line":42,"column":null}},"11":{"start":{"line":44,"column":17},"end":{"line":44,"column":null}},"12":{"start":{"line":45,"column":19},"end":{"line":45,"column":null}},"13":{"start":{"line":46,"column":19},"end":{"line":46,"column":null}},"14":{"start":{"line":47,"column":15},"end":{"line":47,"column":null}},"15":{"start":{"line":49,"column":21},"end":{"line":49,"column":null}},"16":{"start":{"line":50,"column":24},"end":{"line":50,"column":null}},"17":{"start":{"line":51,"column":19},"end":{"line":51,"column":null}},"18":{"start":{"line":53,"column":18},"end":{"line":57,"column":null}},"19":{"start":{"line":59,"column":16},"end":{"line":59,"column":null}},"20":{"start":{"line":60,"column":2},"end":{"line":60,"column":null}},"21":{"start":{"line":64,"column":2},"end":{"line":64,"column":null}},"22":{"start":{"line":68,"column":17},"end":{"line":68,"column":null}},"23":{"start":{"line":69,"column":22},"end":{"line":69,"column":null}},"24":{"start":{"line":70,"column":17},"end":{"line":70,"column":null}},"25":{"start":{"line":71,"column":19},"end":{"line":71,"column":null}},"26":{"start":{"line":72,"column":2},"end":{"line":76,"column":null}},"27":{"start":{"line":72,"column":35},"end":{"line":76,"column":4}},"28":{"start":{"line":80,"column":15},"end":{"line":86,"column":null}},"29":{"start":{"line":87,"column":2},"end":{"line":87,"column":null}},"30":{"start":{"line":87,"column":29},"end":{"line":87,"column":42}},"31":{"start":{"line":91,"column":2},"end":{"line":91,"column":null}},"32":{"start":{"line":91,"column":18},"end":{"line":91,"column":null}},"33":{"start":{"line":92,"column":14},"end":{"line":92,"column":null}},"34":{"start":{"line":93,"column":39},"end":{"line":99,"column":null}},"35":{"start":{"line":100,"column":2},"end":{"line":100,"column":null}},"36":{"start":{"line":103,"column":65},"end":{"line":116,"column":null}},"37":{"start":{"line":118,"column":47},"end":{"line":279,"column":null}},"38":{"start":{"line":281,"column":51},"end":{"line":302,"column":null}},"39":{"start":{"line":304,"column":48},"end":{"line":329,"column":null}},"40":{"start":{"line":331,"column":44},"end":{"line":380,"column":null}},"41":{"start":{"line":382,"column":53},"end":{"line":393,"column":null}},"42":{"start":{"line":395,"column":35},"end":{"line":406,"column":null}},"43":{"start":{"line":408,"column":22},"end":{"line":415,"column":null}},"44":{"start":{"line":418,"column":2},"end":{"line":418,"column":null}},"45":{"start":{"line":418,"column":31},"end":{"line":418,"column":101}},"46":{"start":{"line":422,"column":2},"end":{"line":422,"column":null}},"47":{"start":{"line":422,"column":20},"end":{"line":422,"column":null}},"48":{"start":{"line":423,"column":2},"end":{"line":423,"column":null}},"49":{"start":{"line":423,"column":20},"end":{"line":423,"column":null}},"50":{"start":{"line":424,"column":2},"end":{"line":424,"column":null}},"51":{"start":{"line":424,"column":20},"end":{"line":424,"column":null}},"52":{"start":{"line":425,"column":2},"end":{"line":425,"column":null}},"53":{"start":{"line":425,"column":20},"end":{"line":425,"column":null}},"54":{"start":{"line":426,"column":2},"end":{"line":426,"column":null}},"55":{"start":{"line":430,"column":2},"end":{"line":430,"column":null}},"56":{"start":{"line":430,"column":20},"end":{"line":430,"column":null}},"57":{"start":{"line":431,"column":2},"end":{"line":431,"column":null}},"58":{"start":{"line":431,"column":20},"end":{"line":431,"column":null}},"59":{"start":{"line":432,"column":2},"end":{"line":432,"column":null}}},"fnMap":{"0":{"name":"calculateEmissions","decl":{"start":{"line":34,"column":16},"end":{"line":34,"column":35}},"loc":{"start":{"line":34,"column":73},"end":{"line":61,"column":null}},"line":34},"1":{"name":"calculateCarbonScore","decl":{"start":{"line":63,"column":16},"end":{"line":63,"column":37}},"loc":{"start":{"line":63,"column":62},"end":{"line":65,"column":null}},"line":63},"2":{"name":"generateMonthlyData","decl":{"start":{"line":67,"column":16},"end":{"line":67,"column":36}},"loc":{"start":{"line":67,"column":69},"end":{"line":77,"column":null}},"line":67},"3":{"name":"(anonymous_3)","decl":{"start":{"line":72,"column":16},"end":{"line":72,"column":21}},"loc":{"start":{"line":72,"column":35},"end":{"line":76,"column":4}},"line":72},"4":{"name":"getTopCategory","decl":{"start":{"line":79,"column":16},"end":{"line":79,"column":31}},"loc":{"start":{"line":79,"column":69},"end":{"line":88,"column":null}},"line":79},"5":{"name":"(anonymous_5)","decl":{"start":{"line":87,"column":14},"end":{"line":87,"column":20}},"loc":{"start":{"line":87,"column":29},"end":{"line":87,"column":42}},"line":87},"6":{"name":"getPersonalizedTip","decl":{"start":{"line":90,"column":16},"end":{"line":90,"column":35}},"loc":{"start":{"line":90,"column":80},"end":{"line":101,"column":null}},"line":90},"7":{"name":"getLevelInfo","decl":{"start":{"line":417,"column":16},"end":{"line":417,"column":29}},"loc":{"start":{"line":417,"column":41},"end":{"line":419,"column":null}},"line":417},"8":{"name":"(anonymous_8)","decl":{"start":{"line":418,"column":16},"end":{"line":418,"column":22}},"loc":{"start":{"line":418,"column":31},"end":{"line":418,"column":101}},"line":418},"9":{"name":"getScoreLabel","decl":{"start":{"line":421,"column":16},"end":{"line":421,"column":30}},"loc":{"start":{"line":421,"column":93},"end":{"line":427,"column":null}},"line":421},"10":{"name":"getScoreGlowColor","decl":{"start":{"line":429,"column":16},"end":{"line":429,"column":34}},"loc":{"start":{"line":429,"column":57},"end":{"line":433,"column":null}},"line":429}},"branchMap":{"0":{"loc":{"start":{"line":35,"column":47},"end":{"line":35,"column":88}},"type":"binary-expr","locations":[{"start":{"line":35,"column":47},"end":{"line":35,"column":83}},{"start":{"line":35,"column":83},"end":{"line":35,"column":88}}],"line":35},"1":{"loc":{"start":{"line":91,"column":2},"end":{"line":91,"column":null}},"type":"if","locations":[{"start":{"line":91,"column":2},"end":{"line":91,"column":null}},{"start":{},"end":{}}],"line":91},"2":{"loc":{"start":{"line":100,"column":9},"end":{"line":100,"column":null}},"type":"binary-expr","locations":[{"start":{"line":100,"column":9},"end":{"line":100,"column":22}},{"start":{"line":100,"column":22},"end":{"line":100,"column":null}}],"line":100},"3":{"loc":{"start":{"line":418,"column":9},"end":{"line":418,"column":null}},"type":"binary-expr","locations":[{"start":{"line":418,"column":9},"end":{"line":418,"column":106}},{"start":{"line":418,"column":106},"end":{"line":418,"column":null}}],"line":418},"4":{"loc":{"start":{"line":418,"column":31},"end":{"line":418,"column":101}},"type":"binary-expr","locations":[{"start":{"line":418,"column":31},"end":{"line":418,"column":49}},{"start":{"line":418,"column":49},"end":{"line":418,"column":76}},{"start":{"line":418,"column":76},"end":{"line":418,"column":101}}],"line":418},"5":{"loc":{"start":{"line":422,"column":2},"end":{"line":422,"column":null}},"type":"if","locations":[{"start":{"line":422,"column":2},"end":{"line":422,"column":null}},{"start":{},"end":{}}],"line":422},"6":{"loc":{"start":{"line":423,"column":2},"end":{"line":423,"column":null}},"type":"if","locations":[{"start":{"line":423,"column":2},"end":{"line":423,"column":null}},{"start":{},"end":{}}],"line":423},"7":{"loc":{"start":{"line":424,"column":2},"end":{"line":424,"column":null}},"type":"if","locations":[{"start":{"line":424,"column":2},"end":{"line":424,"column":null}},{"start":{},"end":{}}],"line":424},"8":{"loc":{"start":{"line":425,"column":2},"end":{"line":425,"column":null}},"type":"if","locations":[{"start":{"line":425,"column":2},"end":{"line":425,"column":null}},{"start":{},"end":{}}],"line":425},"9":{"loc":{"start":{"line":430,"column":2},"end":{"line":430,"column":null}},"type":"if","locations":[{"start":{"line":430,"column":2},"end":{"line":430,"column":null}},{"start":{},"end":{}}],"line":430},"10":{"loc":{"start":{"line":431,"column":2},"end":{"line":431,"column":null}},"type":"if","locations":[{"start":{"line":431,"column":2},"end":{"line":431,"column":null}},{"start":{},"end":{}}],"line":431}},"s":{"0":13,"1":13,"2":13,"3":13,"4":12,"5":12,"6":12,"7":12,"8":12,"9":12,"10":12,"11":12,"12":12,"13":12,"14":12,"15":12,"16":12,"17":12,"18":12,"19":12,"20":12,"21":21,"22":13,"23":13,"24":13,"25":13,"26":13,"27":156,"28":0,"29":0,"30":0,"31":0,"32":0,"33":0,"34":0,"35":0,"36":13,"37":13,"38":13,"39":13,"40":13,"41":13,"42":13,"43":13,"44":11,"45":25,"46":16,"47":1,"48":15,"49":4,"50":11,"51":11,"52":8,"53":8,"54":7,"55":10,"56":0,"57":10,"58":0,"59":10},"f":{"0":12,"1":21,"2":13,"3":156,"4":0,"5":0,"6":0,"7":11,"8":25,"9":16,"10":10},"b":{"0":[12,0],"1":[0,0],"2":[0,0],"3":[11,0],"4":[25,25,24],"5":[1,15],"6":[4,11],"7":[3,8],"8":[1,7],"9":[0,10],"10":[0,10]},"meta":{"lastBranch":11,"lastFunction":11,"lastStatement":60,"seen":{"s:6:51:12:Infinity":0,"s:14:53:20:Infinity":1,"s:22:56:26:Infinity":2,"s:28:56:32:Infinity":3,"f:34:16:34:35":0,"s:35:16:35:Infinity":4,"b:35:47:35:83:35:83:35:88":0,"s:36:20:36:Infinity":5,"s:37:20:37:Infinity":6,"s:39:21:39:Infinity":7,"s:40:18:40:Infinity":8,"s:41:17:41:Infinity":9,"s:42:15:42:Infinity":10,"s:44:17:44:Infinity":11,"s:45:19:45:Infinity":12,"s:46:19:46:Infinity":13,"s:47:15:47:Infinity":14,"s:49:21:49:Infinity":15,"s:50:24:50:Infinity":16,"s:51:19:51:Infinity":17,"s:53:18:57:Infinity":18,"s:59:16:59:Infinity":19,"s:60:2:60:Infinity":20,"f:63:16:63:37":1,"s:64:2:64:Infinity":21,"f:67:16:67:36":2,"s:68:17:68:Infinity":22,"s:69:22:69:Infinity":23,"s:70:17:70:Infinity":24,"s:71:19:71:Infinity":25,"s:72:2:76:Infinity":26,"f:72:16:72:21":3,"s:72:35:76:4":27,"f:79:16:79:31":4,"s:80:15:86:Infinity":28,"s:87:2:87:Infinity":29,"f:87:14:87:20":5,"s:87:29:87:42":30,"f:90:16:90:35":6,"b:91:2:91:Infinity:undefined:undefined:undefined:undefined":1,"s:91:2:91:Infinity":31,"s:91:18:91:Infinity":32,"s:92:14:92:Infinity":33,"s:93:39:99:Infinity":34,"s:100:2:100:Infinity":35,"b:100:9:100:22:100:22:100:Infinity":2,"s:103:65:116:Infinity":36,"s:118:47:279:Infinity":37,"s:281:51:302:Infinity":38,"s:304:48:329:Infinity":39,"s:331:44:380:Infinity":40,"s:382:53:393:Infinity":41,"s:395:35:406:Infinity":42,"s:408:22:415:Infinity":43,"f:417:16:417:29":7,"s:418:2:418:Infinity":44,"b:418:9:418:106:418:106:418:Infinity":3,"f:418:16:418:22":8,"s:418:31:418:101":45,"b:418:31:418:49:418:49:418:76:418:76:418:101":4,"f:421:16:421:30":9,"b:422:2:422:Infinity:undefined:undefined:undefined:undefined":5,"s:422:2:422:Infinity":46,"s:422:20:422:Infinity":47,"b:423:2:423:Infinity:undefined:undefined:undefined:undefined":6,"s:423:2:423:Infinity":48,"s:423:20:423:Infinity":49,"b:424:2:424:Infinity:undefined:undefined:undefined:undefined":7,"s:424:2:424:Infinity":50,"s:424:20:424:Infinity":51,"b:425:2:425:Infinity:undefined:undefined:undefined:undefined":8,"s:425:2:425:Infinity":52,"s:425:20:425:Infinity":53,"s:426:2:426:Infinity":54,"f:429:16:429:34":10,"b:430:2:430:Infinity:undefined:undefined:undefined:undefined":9,"s:430:2:430:Infinity":55,"s:430:20:430:Infinity":56,"b:431:2:431:Infinity:undefined:undefined:undefined:undefined":10,"s:431:2:431:Infinity":57,"s:431:20:431:Infinity":58,"s:432:2:432:Infinity":59},"fnNames":{}}}
,"C:\\Users\\mohan\\OneDrive\\Attachments\\Desktop\\claude\\carbon-footprint-platform\\src\\types\\index.ts": {"path":"C:\\Users\\mohan\\OneDrive\\Attachments\\Desktop\\claude\\carbon-footprint-platform\\src\\types\\index.ts","statementMap":{},"fnMap":{},"branchMap":{},"s":{},"f":{},"b":{},"meta":{"lastBranch":0,"lastFunction":0,"lastStatement":0,"seen":{},"fnNames":{}}}
}
